{"C:\\Users\\ayaan\\Documents\\University\\Semester 6\\Software Engineering\\Project\\Deliverable_2\\hotel-service\\src\\models\\Hotel.js": {"path":"C:\\Users\\ayaan\\Documents\\University\\Semester 6\\Software Engineering\\Project\\Deliverable_2\\hotel-service\\src\\models\\Hotel.js","statementMap":{"0":{"start":{"line":1,"column":17},"end":{"line":1,"column":36}},"1":{"start":{"line":3,"column":20},"end":{"line":8,"column":2}},"2":{"start":{"line":10,"column":0},"end":{"line":10,"column":54}}},"fnMap":{},"branchMap":{},"s":{"0":3,"1":3,"2":3},"f":{},"b":{},"_coverageSchema":"1a1c01bbd47fc00a2c39e90264f33305004495a9","hash":"4dad11f0a5d7c2f39a80154e6cb573fb81b39038"}
,"C:\\Users\\ayaan\\Documents\\University\\Semester 6\\Software Engineering\\Project\\Deliverable_2\\hotel-service\\src\\models\\PriceChangeLog.js": {"path":"C:\\Users\\ayaan\\Documents\\University\\Semester 6\\Software Engineering\\Project\\Deliverable_2\\hotel-service\\src\\models\\PriceChangeLog.js","statementMap":{"0":{"start":{"line":1,"column":17},"end":{"line":1,"column":36}},"1":{"start":{"line":3,"column":29},"end":{"line":10,"column":2}},"2":{"start":{"line":12,"column":0},"end":{"line":12,"column":72}}},"fnMap":{},"branchMap":{},"s":{"0":2,"1":2,"2":2},"f":{},"b":{},"_coverageSchema":"1a1c01bbd47fc00a2c39e90264f33305004495a9","hash":"192627f143e657c32413f4a0f337901f7100ac0b"}
,"C:\\Users\\ayaan\\Documents\\University\\Semester 6\\Software Engineering\\Project\\Deliverable_2\\hotel-service\\src\\models\\Room.js": {"path":"C:\\Users\\ayaan\\Documents\\University\\Semester 6\\Software Engineering\\Project\\Deliverable_2\\hotel-service\\src\\models\\Room.js","statementMap":{"0":{"start":{"line":2,"column":17},"end":{"line":2,"column":36}},"1":{"start":{"line":4,"column":19},"end":{"line":35,"column":2}},"2":{"start":{"line":37,"column":0},"end":{"line":37,"column":52}}},"fnMap":{},"branchMap":{},"s":{"0":3,"1":3,"2":3},"f":{},"b":{},"_coverageSchema":"1a1c01bbd47fc00a2c39e90264f33305004495a9","hash":"4c9064879e98fbfa1a18995d9df43a8df615f7c2"}
,"C:\\Users\\ayaan\\Documents\\University\\Semester 6\\Software Engineering\\Project\\Deliverable_2\\hotel-service\\src\\routes\\hotelRoutes.js": {"path":"C:\\Users\\ayaan\\Documents\\University\\Semester 6\\Software Engineering\\Project\\Deliverable_2\\hotel-service\\src\\routes\\hotelRoutes.js","statementMap":{"0":{"start":{"line":1,"column":16},"end":{"line":1,"column":34}},"1":{"start":{"line":2,"column":15},"end":{"line":2,"column":31}},"2":{"start":{"line":3,"column":14},"end":{"line":3,"column":40}},"3":{"start":{"line":4,"column":13},"end":{"line":4,"column":38}},"4":{"start":{"line":7,"column":0},"end":{"line":15,"column":3}},"5":{"start":{"line":8,"column":4},"end":{"line":14,"column":5}},"6":{"start":{"line":9,"column":22},"end":{"line":9,"column":41}},"7":{"start":{"line":10,"column":8},"end":{"line":10,"column":27}},"8":{"start":{"line":11,"column":8},"end":{"line":11,"column":36}},"9":{"start":{"line":13,"column":8},"end":{"line":13,"column":53}},"10":{"start":{"line":18,"column":0},"end":{"line":38,"column":3}},"11":{"start":{"line":19,"column":4},"end":{"line":37,"column":5}},"12":{"start":{"line":20,"column":57},"end":{"line":20,"column":66}},"13":{"start":{"line":22,"column":22},"end":{"line":22,"column":24}},"14":{"start":{"line":24,"column":8},"end":{"line":26,"column":9}},"15":{"start":{"line":25,"column":12},"end":{"line":25,"column":67}},"16":{"start":{"line":28,"column":23},"end":{"line":32,"column":30}},"17":{"start":{"line":34,"column":8},"end":{"line":34,"column":25}},"18":{"start":{"line":36,"column":8},"end":{"line":36,"column":53}},"19":{"start":{"line":41,"column":0},"end":{"line":48,"column":3}},"20":{"start":{"line":42,"column":4},"end":{"line":47,"column":5}},"21":{"start":{"line":43,"column":29},"end":{"line":43,"column":98}},"22":{"start":{"line":44,"column":8},"end":{"line":44,"column":31}},"23":{"start":{"line":46,"column":8},"end":{"line":46,"column":53}},"24":{"start":{"line":51,"column":0},"end":{"line":65,"column":3}},"25":{"start":{"line":52,"column":4},"end":{"line":64,"column":5}},"26":{"start":{"line":53,"column":22},"end":{"line":53,"column":57}},"27":{"start":{"line":54,"column":8},"end":{"line":54,"column":78}},"28":{"start":{"line":54,"column":20},"end":{"line":54,"column":78}},"29":{"start":{"line":57,"column":8},"end":{"line":57,"column":52}},"30":{"start":{"line":59,"column":8},"end":{"line":59,"column":53}},"31":{"start":{"line":60,"column":8},"end":{"line":60,"column":72}},"32":{"start":{"line":62,"column":8},"end":{"line":62,"column":52}},"33":{"start":{"line":63,"column":8},"end":{"line":63,"column":65}},"34":{"start":{"line":68,"column":0},"end":{"line":76,"column":3}},"35":{"start":{"line":69,"column":4},"end":{"line":75,"column":5}},"36":{"start":{"line":70,"column":22},"end":{"line":70,"column":75}},"37":{"start":{"line":71,"column":8},"end":{"line":71,"column":78}},"38":{"start":{"line":71,"column":20},"end":{"line":71,"column":78}},"39":{"start":{"line":72,"column":8},"end":{"line":72,"column":24}},"40":{"start":{"line":74,"column":8},"end":{"line":74,"column":53}},"41":{"start":{"line":79,"column":0},"end":{"line":79,"column":24}}},"fnMap":{"0":{"name":"(anonymous_0)","decl":{"start":{"line":7,"column":17},"end":{"line":7,"column":18}},"loc":{"start":{"line":7,"column":37},"end":{"line":15,"column":1}},"line":7},"1":{"name":"(anonymous_1)","decl":{"start":{"line":18,"column":16},"end":{"line":18,"column":17}},"loc":{"start":{"line":18,"column":36},"end":{"line":38,"column":1}},"line":18},"2":{"name":"(anonymous_2)","decl":{"start":{"line":41,"column":19},"end":{"line":41,"column":20}},"loc":{"start":{"line":41,"column":39},"end":{"line":48,"column":1}},"line":41},"3":{"name":"(anonymous_3)","decl":{"start":{"line":51,"column":22},"end":{"line":51,"column":23}},"loc":{"start":{"line":51,"column":42},"end":{"line":65,"column":1}},"line":51},"4":{"name":"(anonymous_4)","decl":{"start":{"line":68,"column":19},"end":{"line":68,"column":20}},"loc":{"start":{"line":68,"column":39},"end":{"line":76,"column":1}},"line":68}},"branchMap":{"0":{"loc":{"start":{"line":20,"column":16},"end":{"line":20,"column":24}},"type":"default-arg","locations":[{"start":{"line":20,"column":23},"end":{"line":20,"column":24}}],"line":20},"1":{"loc":{"start":{"line":20,"column":26},"end":{"line":20,"column":36}},"type":"default-arg","locations":[{"start":{"line":20,"column":34},"end":{"line":20,"column":36}}],"line":20},"2":{"loc":{"start":{"line":24,"column":8},"end":{"line":26,"column":9}},"type":"if","locations":[{"start":{"line":24,"column":8},"end":{"line":26,"column":9}},{"start":{},"end":{}}],"line":24},"3":{"loc":{"start":{"line":31,"column":18},"end":{"line":31,"column":38}},"type":"binary-expr","locations":[{"start":{"line":31,"column":18},"end":{"line":31,"column":22}},{"start":{"line":31,"column":26},"end":{"line":31,"column":38}}],"line":31},"4":{"loc":{"start":{"line":54,"column":8},"end":{"line":54,"column":78}},"type":"if","locations":[{"start":{"line":54,"column":8},"end":{"line":54,"column":78}},{"start":{},"end":{}}],"line":54},"5":{"loc":{"start":{"line":71,"column":8},"end":{"line":71,"column":78}},"type":"if","locations":[{"start":{"line":71,"column":8},"end":{"line":71,"column":78}},{"start":{},"end":{}}],"line":71}},"s":{"0":1,"1":1,"2":1,"3":1,"4":1,"5":1,"6":1,"7":1,"8":1,"9":0,"10":1,"11":1,"12":1,"13":1,"14":1,"15":0,"16":1,"17":1,"18":0,"19":1,"20":1,"21":1,"22":1,"23":0,"24":1,"25":1,"26":1,"27":1,"28":0,"29":1,"30":1,"31":1,"32":0,"33":0,"34":1,"35":2,"36":2,"37":2,"38":1,"39":1,"40":0,"41":1},"f":{"0":1,"1":1,"2":1,"3":1,"4":2},"b":{"0":[1],"1":[1],"2":[0,1],"3":[1,1],"4":[0,1],"5":[1,1]},"_coverageSchema":"1a1c01bbd47fc00a2c39e90264f33305004495a9","hash":"b8d8044997f3c8242d21ca926b62b1297c6ab5f1"}
,"C:\\Users\\ayaan\\Documents\\University\\Semester 6\\Software Engineering\\Project\\Deliverable_2\\hotel-service\\src\\routes\\roomRoutes.js": {"path":"C:\\Users\\ayaan\\Documents\\University\\Semester 6\\Software Engineering\\Project\\Deliverable_2\\hotel-service\\src\\routes\\roomRoutes.js","statementMap":{"0":{"start":{"line":2,"column":16},"end":{"line":2,"column":34}},"1":{"start":{"line":3,"column":15},"end":{"line":3,"column":31}},"2":{"start":{"line":4,"column":13},"end":{"line":4,"column":38}},"3":{"start":{"line":5,"column":14},"end":{"line":5,"column":40}},"4":{"start":{"line":6,"column":23},"end":{"line":6,"column":58}},"5":{"start":{"line":10,"column":0},"end":{"line":19,"column":3}},"6":{"start":{"line":11,"column":2},"end":{"line":18,"column":3}},"7":{"start":{"line":12,"column":17},"end":{"line":12,"column":35}},"8":{"start":{"line":13,"column":4},"end":{"line":13,"column":22}},"9":{"start":{"line":14,"column":4},"end":{"line":14,"column":78}},"10":{"start":{"line":15,"column":4},"end":{"line":15,"column":31}},"11":{"start":{"line":17,"column":4},"end":{"line":17,"column":49}},"12":{"start":{"line":22,"column":0},"end":{"line":40,"column":3}},"13":{"start":{"line":23,"column":2},"end":{"line":39,"column":3}},"14":{"start":{"line":24,"column":44},"end":{"line":24,"column":53}},"15":{"start":{"line":25,"column":18},"end":{"line":25,"column":20}},"16":{"start":{"line":26,"column":4},"end":{"line":28,"column":5}},"17":{"start":{"line":27,"column":6},"end":{"line":27,"column":55}},"18":{"start":{"line":29,"column":4},"end":{"line":31,"column":5}},"19":{"start":{"line":30,"column":6},"end":{"line":30,"column":51}},"20":{"start":{"line":32,"column":24},"end":{"line":32,"column":26}},"21":{"start":{"line":33,"column":4},"end":{"line":34,"column":61}},"22":{"start":{"line":33,"column":32},"end":{"line":33,"column":54}},"23":{"start":{"line":34,"column":9},"end":{"line":34,"column":61}},"24":{"start":{"line":34,"column":38},"end":{"line":34,"column":61}},"25":{"start":{"line":35,"column":18},"end":{"line":35,"column":76}},"26":{"start":{"line":36,"column":4},"end":{"line":36,"column":20}},"27":{"start":{"line":38,"column":4},"end":{"line":38,"column":49}},"28":{"start":{"line":43,"column":0},"end":{"line":50,"column":3}},"29":{"start":{"line":44,"column":2},"end":{"line":49,"column":3}},"30":{"start":{"line":45,"column":24},"end":{"line":45,"column":92}},"31":{"start":{"line":46,"column":4},"end":{"line":46,"column":26}},"32":{"start":{"line":48,"column":4},"end":{"line":48,"column":49}},"33":{"start":{"line":53,"column":0},"end":{"line":61,"column":3}},"34":{"start":{"line":54,"column":2},"end":{"line":60,"column":3}},"35":{"start":{"line":55,"column":17},"end":{"line":55,"column":60}},"36":{"start":{"line":56,"column":4},"end":{"line":56,"column":78}},"37":{"start":{"line":57,"column":4},"end":{"line":57,"column":42}},"38":{"start":{"line":59,"column":4},"end":{"line":59,"column":49}},"39":{"start":{"line":64,"column":0},"end":{"line":72,"column":3}},"40":{"start":{"line":65,"column":2},"end":{"line":71,"column":3}},"41":{"start":{"line":66,"column":17},"end":{"line":66,"column":69}},"42":{"start":{"line":67,"column":4},"end":{"line":67,"column":72}},"43":{"start":{"line":67,"column":15},"end":{"line":67,"column":72}},"44":{"start":{"line":68,"column":4},"end":{"line":68,"column":19}},"45":{"start":{"line":70,"column":4},"end":{"line":70,"column":49}},"46":{"start":{"line":75,"column":0},"end":{"line":102,"column":3}},"47":{"start":{"line":76,"column":2},"end":{"line":101,"column":3}},"48":{"start":{"line":77,"column":25},"end":{"line":77,"column":33}},"49":{"start":{"line":78,"column":4},"end":{"line":80,"column":5}},"50":{"start":{"line":79,"column":6},"end":{"line":79,"column":71}},"51":{"start":{"line":83,"column":17},"end":{"line":83,"column":51}},"52":{"start":{"line":84,"column":4},"end":{"line":84,"column":72}},"53":{"start":{"line":84,"column":15},"end":{"line":84,"column":72}},"54":{"start":{"line":86,"column":21},"end":{"line":86,"column":31}},"55":{"start":{"line":87,"column":4},"end":{"line":87,"column":26}},"56":{"start":{"line":88,"column":4},"end":{"line":88,"column":22}},"57":{"start":{"line":91,"column":21},"end":{"line":96,"column":6}},"58":{"start":{"line":98,"column":4},"end":{"line":98,"column":72}},"59":{"start":{"line":100,"column":4},"end":{"line":100,"column":49}},"60":{"start":{"line":105,"column":0},"end":{"line":105,"column":24}}},"fnMap":{"0":{"name":"(anonymous_0)","decl":{"start":{"line":10,"column":17},"end":{"line":10,"column":18}},"loc":{"start":{"line":10,"column":37},"end":{"line":19,"column":1}},"line":10},"1":{"name":"(anonymous_1)","decl":{"start":{"line":22,"column":16},"end":{"line":22,"column":17}},"loc":{"start":{"line":22,"column":36},"end":{"line":40,"column":1}},"line":22},"2":{"name":"(anonymous_2)","decl":{"start":{"line":43,"column":19},"end":{"line":43,"column":20}},"loc":{"start":{"line":43,"column":39},"end":{"line":50,"column":1}},"line":43},"3":{"name":"(anonymous_3)","decl":{"start":{"line":53,"column":22},"end":{"line":53,"column":23}},"loc":{"start":{"line":53,"column":42},"end":{"line":61,"column":1}},"line":53},"4":{"name":"(anonymous_4)","decl":{"start":{"line":64,"column":19},"end":{"line":64,"column":20}},"loc":{"start":{"line":64,"column":39},"end":{"line":72,"column":1}},"line":64},"5":{"name":"(anonymous_5)","decl":{"start":{"line":75,"column":27},"end":{"line":75,"column":28}},"loc":{"start":{"line":75,"column":47},"end":{"line":102,"column":1}},"line":75}},"branchMap":{"0":{"loc":{"start":{"line":26,"column":4},"end":{"line":28,"column":5}},"type":"if","locations":[{"start":{"line":26,"column":4},"end":{"line":28,"column":5}},{"start":{},"end":{}}],"line":26},"1":{"loc":{"start":{"line":29,"column":4},"end":{"line":31,"column":5}},"type":"if","locations":[{"start":{"line":29,"column":4},"end":{"line":31,"column":5}},{"start":{},"end":{}}],"line":29},"2":{"loc":{"start":{"line":33,"column":4},"end":{"line":34,"column":61}},"type":"if","locations":[{"start":{"line":33,"column":4},"end":{"line":34,"column":61}},{"start":{"line":34,"column":9},"end":{"line":34,"column":61}}],"line":33},"3":{"loc":{"start":{"line":34,"column":9},"end":{"line":34,"column":61}},"type":"if","locations":[{"start":{"line":34,"column":9},"end":{"line":34,"column":61}},{"start":{},"end":{}}],"line":34},"4":{"loc":{"start":{"line":67,"column":4},"end":{"line":67,"column":72}},"type":"if","locations":[{"start":{"line":67,"column":4},"end":{"line":67,"column":72}},{"start":{},"end":{}}],"line":67},"5":{"loc":{"start":{"line":78,"column":4},"end":{"line":80,"column":5}},"type":"if","locations":[{"start":{"line":78,"column":4},"end":{"line":80,"column":5}},{"start":{},"end":{}}],"line":78},"6":{"loc":{"start":{"line":78,"column":8},"end":{"line":78,"column":52}},"type":"binary-expr","locations":[{"start":{"line":78,"column":8},"end":{"line":78,"column":36}},{"start":{"line":78,"column":40},"end":{"line":78,"column":52}}],"line":78},"7":{"loc":{"start":{"line":84,"column":4},"end":{"line":84,"column":72}},"type":"if","locations":[{"start":{"line":84,"column":4},"end":{"line":84,"column":72}},{"start":{},"end":{}}],"line":84},"8":{"loc":{"start":{"line":95,"column":17},"end":{"line":95,"column":52}},"type":"cond-expr","locations":[{"start":{"line":95,"column":28},"end":{"line":95,"column":42}},{"start":{"line":95,"column":45},"end":{"line":95,"column":52}}],"line":95}},"s":{"0":1,"1":1,"2":1,"3":1,"4":1,"5":1,"6":1,"7":1,"8":1,"9":1,"10":1,"11":0,"12":1,"13":2,"14":2,"15":2,"16":2,"17":0,"18":2,"19":1,"20":2,"21":2,"22":0,"23":2,"24":0,"25":2,"26":2,"27":0,"28":1,"29":1,"30":1,"31":1,"32":0,"33":1,"34":1,"35":1,"36":1,"37":1,"38":0,"39":1,"40":2,"41":2,"42":2,"43":1,"44":1,"45":0,"46":1,"47":2,"48":2,"49":2,"50":1,"51":1,"52":1,"53":0,"54":1,"55":1,"56":1,"57":1,"58":1,"59":0,"60":1},"f":{"0":1,"1":2,"2":1,"3":1,"4":2,"5":2},"b":{"0":[0,2],"1":[1,1],"2":[0,2],"3":[0,2],"4":[1,1],"5":[1,1],"6":[2,2],"7":[0,1],"8":[0,1]},"_coverageSchema":"1a1c01bbd47fc00a2c39e90264f33305004495a9","hash":"a23143db79c5600393e15ac79549729031faf592"}
}
