{"C:\\Users\\ayaan\\Documents\\University\\Semester 6\\Software Engineering\\Project\\Deliverable_2\\user-service\\src\\controllers\\userController.js": {"path":"C:\\Users\\ayaan\\Documents\\University\\Semester 6\\Software Engineering\\Project\\Deliverable_2\\user-service\\src\\controllers\\userController.js","statementMap":{"0":{"start":{"line":1,"column":17},"end":{"line":1,"column":36}},"1":{"start":{"line":2,"column":13},"end":{"line":2,"column":38}},"2":{"start":{"line":3,"column":12},"end":{"line":3,"column":35}},"3":{"start":{"line":4,"column":17},"end":{"line":4,"column":46}},"4":{"start":{"line":7,"column":27},"end":{"line":9,"column":1}},"5":{"start":{"line":8,"column":2},"end":{"line":8,"column":72}},"6":{"start":{"line":12,"column":0},"end":{"line":47,"column":2}},"7":{"start":{"line":13,"column":2},"end":{"line":46,"column":3}},"8":{"start":{"line":14,"column":19},"end":{"line":14,"column":31}},"9":{"start":{"line":15,"column":17},"end":{"line":15,"column":44}},"10":{"start":{"line":16,"column":4},"end":{"line":16,"column":74}},"11":{"start":{"line":16,"column":15},"end":{"line":16,"column":74}},"12":{"start":{"line":18,"column":4},"end":{"line":20,"column":5}},"13":{"start":{"line":19,"column":6},"end":{"line":19,"column":83}},"14":{"start":{"line":22,"column":4},"end":{"line":22,"column":33}},"15":{"start":{"line":23,"column":4},"end":{"line":23,"column":28}},"16":{"start":{"line":24,"column":4},"end":{"line":24,"column":33}},"17":{"start":{"line":26,"column":23},"end":{"line":26,"column":33}},"18":{"start":{"line":27,"column":4},"end":{"line":27,"column":50}},"19":{"start":{"line":28,"column":4},"end":{"line":32,"column":7}},"20":{"start":{"line":34,"column":4},"end":{"line":34,"column":22}},"21":{"start":{"line":35,"column":4},"end":{"line":41,"column":7}},"22":{"start":{"line":43,"column":4},"end":{"line":43,"column":93}},"23":{"start":{"line":45,"column":4},"end":{"line":45,"column":49}},"24":{"start":{"line":50,"column":0},"end":{"line":65,"column":2}},"25":{"start":{"line":51,"column":2},"end":{"line":64,"column":3}},"26":{"start":{"line":52,"column":19},"end":{"line":52,"column":31}},"27":{"start":{"line":53,"column":17},"end":{"line":53,"column":44}},"28":{"start":{"line":54,"column":4},"end":{"line":54,"column":74}},"29":{"start":{"line":54,"column":15},"end":{"line":54,"column":74}},"30":{"start":{"line":56,"column":4},"end":{"line":61,"column":7}},"31":{"start":{"line":59,"column":48},"end":{"line":59,"column":84}},"32":{"start":{"line":63,"column":4},"end":{"line":63,"column":49}},"33":{"start":{"line":68,"column":0},"end":{"line":115,"column":2}},"34":{"start":{"line":69,"column":2},"end":{"line":114,"column":3}},"35":{"start":{"line":70,"column":42},"end":{"line":70,"column":50}},"36":{"start":{"line":71,"column":4},"end":{"line":73,"column":5}},"37":{"start":{"line":72,"column":6},"end":{"line":72,"column":84}},"38":{"start":{"line":75,"column":17},"end":{"line":75,"column":46}},"39":{"start":{"line":76,"column":4},"end":{"line":76,"column":74}},"40":{"start":{"line":76,"column":15},"end":{"line":76,"column":74}},"41":{"start":{"line":77,"column":4},"end":{"line":79,"column":5}},"42":{"start":{"line":78,"column":6},"end":{"line":78,"column":79}},"43":{"start":{"line":81,"column":19},"end":{"line":81,"column":20}},"44":{"start":{"line":82,"column":18},"end":{"line":82,"column":20}},"45":{"start":{"line":84,"column":4},"end":{"line":100,"column":5}},"46":{"start":{"line":85,"column":6},"end":{"line":87,"column":7}},"47":{"start":{"line":86,"column":8},"end":{"line":86,"column":72}},"48":{"start":{"line":89,"column":6},"end":{"line":89,"column":24}},"49":{"start":{"line":90,"column":6},"end":{"line":90,"column":36}},"50":{"start":{"line":91,"column":6},"end":{"line":91,"column":70}},"51":{"start":{"line":92,"column":11},"end":{"line":100,"column":5}},"52":{"start":{"line":93,"column":21},"end":{"line":93,"column":114}},"53":{"start":{"line":93,"column":52},"end":{"line":93,"column":113}},"54":{"start":{"line":94,"column":6},"end":{"line":96,"column":7}},"55":{"start":{"line":95,"column":8},"end":{"line":95,"column":78}},"56":{"start":{"line":97,"column":6},"end":{"line":97,"column":43}},"57":{"start":{"line":98,"column":6},"end":{"line":98,"column":25}},"58":{"start":{"line":99,"column":6},"end":{"line":99,"column":74}},"59":{"start":{"line":102,"column":4},"end":{"line":102,"column":22}},"60":{"start":{"line":103,"column":4},"end":{"line":109,"column":7}},"61":{"start":{"line":111,"column":4},"end":{"line":111,"column":64}},"62":{"start":{"line":113,"column":4},"end":{"line":113,"column":49}},"63":{"start":{"line":118,"column":0},"end":{"line":131,"column":2}},"64":{"start":{"line":119,"column":2},"end":{"line":130,"column":3}},"65":{"start":{"line":120,"column":44},"end":{"line":120,"column":52}},"66":{"start":{"line":121,"column":23},"end":{"line":121,"column":52}},"67":{"start":{"line":122,"column":4},"end":{"line":124,"column":5}},"68":{"start":{"line":123,"column":6},"end":{"line":123,"column":70}},"69":{"start":{"line":125,"column":17},"end":{"line":125,"column":58}},"70":{"start":{"line":126,"column":4},"end":{"line":126,"column":22}},"71":{"start":{"line":127,"column":4},"end":{"line":127,"column":91}},"72":{"start":{"line":129,"column":4},"end":{"line":129,"column":49}},"73":{"start":{"line":133,"column":0},"end":{"line":151,"column":2}},"74":{"start":{"line":134,"column":2},"end":{"line":150,"column":3}},"75":{"start":{"line":135,"column":32},"end":{"line":135,"column":40}},"76":{"start":{"line":136,"column":17},"end":{"line":136,"column":46}},"77":{"start":{"line":137,"column":4},"end":{"line":137,"column":79}},"78":{"start":{"line":137,"column":15},"end":{"line":137,"column":79}},"79":{"start":{"line":139,"column":20},"end":{"line":139,"column":56}},"80":{"start":{"line":140,"column":4},"end":{"line":140,"column":82}},"81":{"start":{"line":140,"column":18},"end":{"line":140,"column":82}},"82":{"start":{"line":142,"column":18},"end":{"line":146,"column":5}},"83":{"start":{"line":147,"column":4},"end":{"line":147,"column":62}},"84":{"start":{"line":149,"column":4},"end":{"line":149,"column":49}},"85":{"start":{"line":153,"column":0},"end":{"line":160,"column":2}},"86":{"start":{"line":154,"column":2},"end":{"line":159,"column":3}},"87":{"start":{"line":155,"column":18},"end":{"line":155,"column":37}},"88":{"start":{"line":156,"column":4},"end":{"line":156,"column":20}},"89":{"start":{"line":158,"column":4},"end":{"line":158,"column":49}},"90":{"start":{"line":162,"column":0},"end":{"line":191,"column":2}},"91":{"start":{"line":163,"column":2},"end":{"line":190,"column":3}},"92":{"start":{"line":164,"column":23},"end":{"line":164,"column":36}},"93":{"start":{"line":166,"column":4},"end":{"line":170,"column":5}},"94":{"start":{"line":167,"column":6},"end":{"line":167,"column":34}},"95":{"start":{"line":169,"column":6},"end":{"line":169,"column":51}},"96":{"start":{"line":172,"column":20},"end":{"line":172,"column":52}},"97":{"start":{"line":173,"column":4},"end":{"line":173,"column":77}},"98":{"start":{"line":173,"column":18},"end":{"line":173,"column":77}},"99":{"start":{"line":175,"column":17},"end":{"line":175,"column":76}},"100":{"start":{"line":176,"column":4},"end":{"line":176,"column":74}},"101":{"start":{"line":176,"column":15},"end":{"line":176,"column":74}},"102":{"start":{"line":178,"column":20},"end":{"line":178,"column":50}},"103":{"start":{"line":179,"column":4},"end":{"line":185,"column":7}},"104":{"start":{"line":187,"column":4},"end":{"line":187,"column":61}},"105":{"start":{"line":189,"column":4},"end":{"line":189,"column":49}},"106":{"start":{"line":193,"column":0},"end":{"line":221,"column":2}},"107":{"start":{"line":194,"column":2},"end":{"line":220,"column":3}},"108":{"start":{"line":195,"column":23},"end":{"line":195,"column":36}},"109":{"start":{"line":197,"column":4},"end":{"line":201,"column":5}},"110":{"start":{"line":198,"column":6},"end":{"line":198,"column":34}},"111":{"start":{"line":200,"column":6},"end":{"line":200,"column":51}},"112":{"start":{"line":203,"column":17},"end":{"line":203,"column":42}},"113":{"start":{"line":204,"column":4},"end":{"line":204,"column":74}},"114":{"start":{"line":204,"column":15},"end":{"line":204,"column":74}},"115":{"start":{"line":206,"column":4},"end":{"line":206,"column":39}},"116":{"start":{"line":208,"column":20},"end":{"line":208,"column":50}},"117":{"start":{"line":209,"column":4},"end":{"line":215,"column":7}},"118":{"start":{"line":217,"column":4},"end":{"line":217,"column":55}},"119":{"start":{"line":219,"column":4},"end":{"line":219,"column":49}},"120":{"start":{"line":223,"column":0},"end":{"line":242,"column":2}},"121":{"start":{"line":224,"column":2},"end":{"line":241,"column":3}},"122":{"start":{"line":225,"column":19},"end":{"line":225,"column":31}},"123":{"start":{"line":226,"column":29},"end":{"line":226,"column":37}},"124":{"start":{"line":228,"column":4},"end":{"line":230,"column":5}},"125":{"start":{"line":229,"column":6},"end":{"line":229,"column":72}},"126":{"start":{"line":232,"column":17},"end":{"line":232,"column":44}},"127":{"start":{"line":233,"column":19},"end":{"line":233,"column":89}},"128":{"start":{"line":233,"column":46},"end":{"line":233,"column":88}},"129":{"start":{"line":234,"column":4},"end":{"line":234,"column":86}},"130":{"start":{"line":234,"column":16},"end":{"line":234,"column":86}},"131":{"start":{"line":236,"column":4},"end":{"line":236,"column":42}},"132":{"start":{"line":237,"column":4},"end":{"line":237,"column":22}},"133":{"start":{"line":238,"column":4},"end":{"line":238,"column":71}},"134":{"start":{"line":240,"column":4},"end":{"line":240,"column":49}},"135":{"start":{"line":244,"column":0},"end":{"line":262,"column":2}},"136":{"start":{"line":245,"column":2},"end":{"line":261,"column":3}},"137":{"start":{"line":246,"column":19},"end":{"line":246,"column":31}},"138":{"start":{"line":247,"column":29},"end":{"line":247,"column":37}},"139":{"start":{"line":249,"column":17},"end":{"line":249,"column":44}},"140":{"start":{"line":250,"column":26},"end":{"line":250,"column":47}},"141":{"start":{"line":251,"column":4},"end":{"line":251,"column":97}},"142":{"start":{"line":251,"column":50},"end":{"line":251,"column":95}},"143":{"start":{"line":253,"column":4},"end":{"line":255,"column":5}},"144":{"start":{"line":254,"column":6},"end":{"line":254,"column":69}},"145":{"start":{"line":257,"column":4},"end":{"line":257,"column":22}},"146":{"start":{"line":258,"column":4},"end":{"line":258,"column":73}},"147":{"start":{"line":260,"column":4},"end":{"line":260,"column":49}},"148":{"start":{"line":264,"column":0},"end":{"line":272,"column":2}},"149":{"start":{"line":265,"column":2},"end":{"line":271,"column":3}},"150":{"start":{"line":266,"column":19},"end":{"line":266,"column":31}},"151":{"start":{"line":267,"column":17},"end":{"line":267,"column":44}},"152":{"start":{"line":268,"column":4},"end":{"line":268,"column":29}},"153":{"start":{"line":270,"column":4},"end":{"line":270,"column":49}}},"fnMap":{"0":{"name":"(anonymous_0)","decl":{"start":{"line":7,"column":27},"end":{"line":7,"column":28}},"loc":{"start":{"line":7,"column":33},"end":{"line":9,"column":1}},"line":7},"1":{"name":"(anonymous_1)","decl":{"start":{"line":12,"column":24},"end":{"line":12,"column":25}},"loc":{"start":{"line":12,"column":44},"end":{"line":47,"column":1}},"line":12},"2":{"name":"(anonymous_2)","decl":{"start":{"line":50,"column":27},"end":{"line":50,"column":28}},"loc":{"start":{"line":50,"column":47},"end":{"line":65,"column":1}},"line":50},"3":{"name":"(anonymous_3)","decl":{"start":{"line":59,"column":43},"end":{"line":59,"column":44}},"loc":{"start":{"line":59,"column":48},"end":{"line":59,"column":84}},"line":59},"4":{"name":"(anonymous_4)","decl":{"start":{"line":68,"column":30},"end":{"line":68,"column":31}},"loc":{"start":{"line":68,"column":50},"end":{"line":115,"column":1}},"line":68},"5":{"name":"(anonymous_5)","decl":{"start":{"line":93,"column":47},"end":{"line":93,"column":48}},"loc":{"start":{"line":93,"column":52},"end":{"line":93,"column":113}},"line":93},"6":{"name":"(anonymous_6)","decl":{"start":{"line":118,"column":19},"end":{"line":118,"column":20}},"loc":{"start":{"line":118,"column":39},"end":{"line":131,"column":1}},"line":118},"7":{"name":"(anonymous_7)","decl":{"start":{"line":133,"column":16},"end":{"line":133,"column":17}},"loc":{"start":{"line":133,"column":36},"end":{"line":151,"column":1}},"line":133},"8":{"name":"(anonymous_8)","decl":{"start":{"line":153,"column":22},"end":{"line":153,"column":23}},"loc":{"start":{"line":153,"column":42},"end":{"line":160,"column":1}},"line":153},"9":{"name":"(anonymous_9)","decl":{"start":{"line":162,"column":21},"end":{"line":162,"column":22}},"loc":{"start":{"line":162,"column":41},"end":{"line":191,"column":1}},"line":162},"10":{"name":"(anonymous_10)","decl":{"start":{"line":193,"column":21},"end":{"line":193,"column":22}},"loc":{"start":{"line":193,"column":41},"end":{"line":221,"column":1}},"line":193},"11":{"name":"(anonymous_11)","decl":{"start":{"line":223,"column":22},"end":{"line":223,"column":23}},"loc":{"start":{"line":223,"column":42},"end":{"line":242,"column":1}},"line":223},"12":{"name":"(anonymous_12)","decl":{"start":{"line":233,"column":39},"end":{"line":233,"column":40}},"loc":{"start":{"line":233,"column":46},"end":{"line":233,"column":88}},"line":233},"13":{"name":"(anonymous_13)","decl":{"start":{"line":244,"column":25},"end":{"line":244,"column":26}},"loc":{"start":{"line":244,"column":45},"end":{"line":262,"column":1}},"line":244},"14":{"name":"(anonymous_14)","decl":{"start":{"line":251,"column":43},"end":{"line":251,"column":44}},"loc":{"start":{"line":251,"column":50},"end":{"line":251,"column":95}},"line":251},"15":{"name":"(anonymous_15)","decl":{"start":{"line":264,"column":23},"end":{"line":264,"column":24}},"loc":{"start":{"line":264,"column":43},"end":{"line":272,"column":1}},"line":264}},"branchMap":{"0":{"loc":{"start":{"line":16,"column":4},"end":{"line":16,"column":74}},"type":"if","locations":[{"start":{"line":16,"column":4},"end":{"line":16,"column":74}},{"start":{},"end":{}}],"line":16},"1":{"loc":{"start":{"line":18,"column":4},"end":{"line":20,"column":5}},"type":"if","locations":[{"start":{"line":18,"column":4},"end":{"line":20,"column":5}},{"start":{},"end":{}}],"line":18},"2":{"loc":{"start":{"line":54,"column":4},"end":{"line":54,"column":74}},"type":"if","locations":[{"start":{"line":54,"column":4},"end":{"line":54,"column":74}},{"start":{},"end":{}}],"line":54},"3":{"loc":{"start":{"line":59,"column":48},"end":{"line":59,"column":84}},"type":"binary-expr","locations":[{"start":{"line":59,"column":48},"end":{"line":59,"column":55}},{"start":{"line":59,"column":59},"end":{"line":59,"column":84}}],"line":59},"4":{"loc":{"start":{"line":71,"column":4},"end":{"line":73,"column":5}},"type":"if","locations":[{"start":{"line":71,"column":4},"end":{"line":73,"column":5}},{"start":{},"end":{}}],"line":71},"5":{"loc":{"start":{"line":71,"column":8},"end":{"line":71,"column":30}},"type":"binary-expr","locations":[{"start":{"line":71,"column":8},"end":{"line":71,"column":15}},{"start":{"line":71,"column":19},"end":{"line":71,"column":30}}],"line":71},"6":{"loc":{"start":{"line":76,"column":4},"end":{"line":76,"column":74}},"type":"if","locations":[{"start":{"line":76,"column":4},"end":{"line":76,"column":74}},{"start":{},"end":{}}],"line":76},"7":{"loc":{"start":{"line":77,"column":4},"end":{"line":79,"column":5}},"type":"if","locations":[{"start":{"line":77,"column":4},"end":{"line":79,"column":5}},{"start":{},"end":{}}],"line":77},"8":{"loc":{"start":{"line":84,"column":4},"end":{"line":100,"column":5}},"type":"if","locations":[{"start":{"line":84,"column":4},"end":{"line":100,"column":5}},{"start":{"line":92,"column":11},"end":{"line":100,"column":5}}],"line":84},"9":{"loc":{"start":{"line":85,"column":6},"end":{"line":87,"column":7}},"type":"if","locations":[{"start":{"line":85,"column":6},"end":{"line":87,"column":7}},{"start":{},"end":{}}],"line":85},"10":{"loc":{"start":{"line":92,"column":11},"end":{"line":100,"column":5}},"type":"if","locations":[{"start":{"line":92,"column":11},"end":{"line":100,"column":5}},{"start":{},"end":{}}],"line":92},"11":{"loc":{"start":{"line":93,"column":52},"end":{"line":93,"column":113}},"type":"binary-expr","locations":[{"start":{"line":93,"column":52},"end":{"line":93,"column":73}},{"start":{"line":93,"column":77},"end":{"line":93,"column":84}},{"start":{"line":93,"column":88},"end":{"line":93,"column":113}}],"line":93},"12":{"loc":{"start":{"line":94,"column":6},"end":{"line":96,"column":7}},"type":"if","locations":[{"start":{"line":94,"column":6},"end":{"line":96,"column":7}},{"start":{},"end":{}}],"line":94},"13":{"loc":{"start":{"line":107,"column":59},"end":{"line":107,"column":70}},"type":"binary-expr","locations":[{"start":{"line":107,"column":59},"end":{"line":107,"column":65}},{"start":{"line":107,"column":69},"end":{"line":107,"column":70}}],"line":107},"14":{"loc":{"start":{"line":122,"column":4},"end":{"line":124,"column":5}},"type":"if","locations":[{"start":{"line":122,"column":4},"end":{"line":124,"column":5}},{"start":{},"end":{}}],"line":122},"15":{"loc":{"start":{"line":137,"column":4},"end":{"line":137,"column":79}},"type":"if","locations":[{"start":{"line":137,"column":4},"end":{"line":137,"column":79}},{"start":{},"end":{}}],"line":137},"16":{"loc":{"start":{"line":140,"column":4},"end":{"line":140,"column":82}},"type":"if","locations":[{"start":{"line":140,"column":4},"end":{"line":140,"column":82}},{"start":{},"end":{}}],"line":140},"17":{"loc":{"start":{"line":166,"column":4},"end":{"line":170,"column":5}},"type":"if","locations":[{"start":{"line":166,"column":4},"end":{"line":170,"column":5}},{"start":{"line":168,"column":11},"end":{"line":170,"column":5}}],"line":166},"18":{"loc":{"start":{"line":173,"column":4},"end":{"line":173,"column":77}},"type":"if","locations":[{"start":{"line":173,"column":4},"end":{"line":173,"column":77}},{"start":{},"end":{}}],"line":173},"19":{"loc":{"start":{"line":176,"column":4},"end":{"line":176,"column":74}},"type":"if","locations":[{"start":{"line":176,"column":4},"end":{"line":176,"column":74}},{"start":{},"end":{}}],"line":176},"20":{"loc":{"start":{"line":178,"column":20},"end":{"line":178,"column":50}},"type":"cond-expr","locations":[{"start":{"line":178,"column":31},"end":{"line":178,"column":43}},{"start":{"line":178,"column":46},"end":{"line":178,"column":50}}],"line":178},"21":{"loc":{"start":{"line":197,"column":4},"end":{"line":201,"column":5}},"type":"if","locations":[{"start":{"line":197,"column":4},"end":{"line":201,"column":5}},{"start":{"line":199,"column":11},"end":{"line":201,"column":5}}],"line":197},"22":{"loc":{"start":{"line":204,"column":4},"end":{"line":204,"column":74}},"type":"if","locations":[{"start":{"line":204,"column":4},"end":{"line":204,"column":74}},{"start":{},"end":{}}],"line":204},"23":{"loc":{"start":{"line":208,"column":20},"end":{"line":208,"column":50}},"type":"cond-expr","locations":[{"start":{"line":208,"column":31},"end":{"line":208,"column":43}},{"start":{"line":208,"column":46},"end":{"line":208,"column":50}}],"line":208},"24":{"loc":{"start":{"line":228,"column":4},"end":{"line":230,"column":5}},"type":"if","locations":[{"start":{"line":228,"column":4},"end":{"line":230,"column":5}},{"start":{},"end":{}}],"line":228},"25":{"loc":{"start":{"line":233,"column":46},"end":{"line":233,"column":88}},"type":"binary-expr","locations":[{"start":{"line":233,"column":46},"end":{"line":233,"column":67}},{"start":{"line":233,"column":71},"end":{"line":233,"column":88}}],"line":233},"26":{"loc":{"start":{"line":234,"column":4},"end":{"line":234,"column":86}},"type":"if","locations":[{"start":{"line":234,"column":4},"end":{"line":234,"column":86}},{"start":{},"end":{}}],"line":234},"27":{"loc":{"start":{"line":251,"column":52},"end":{"line":251,"column":94}},"type":"binary-expr","locations":[{"start":{"line":251,"column":52},"end":{"line":251,"column":73}},{"start":{"line":251,"column":77},"end":{"line":251,"column":94}}],"line":251},"28":{"loc":{"start":{"line":253,"column":4},"end":{"line":255,"column":5}},"type":"if","locations":[{"start":{"line":253,"column":4},"end":{"line":255,"column":5}},{"start":{},"end":{}}],"line":253}},"s":{"0":2,"1":2,"2":2,"3":2,"4":2,"5":1,"6":2,"7":2,"8":2,"9":2,"10":2,"11":0,"12":2,"13":1,"14":1,"15":1,"16":1,"17":1,"18":1,"19":1,"20":1,"21":1,"22":1,"23":0,"24":2,"25":2,"26":2,"27":2,"28":2,"29":1,"30":1,"31":0,"32":0,"33":2,"34":5,"35":5,"36":5,"37":1,"38":4,"39":4,"40":0,"41":4,"42":0,"43":4,"44":4,"45":4,"46":2,"47":1,"48":1,"49":1,"50":1,"51":2,"52":2,"53":1,"54":2,"55":1,"56":1,"57":1,"58":1,"59":2,"60":0,"61":0,"62":2,"63":2,"64":3,"65":3,"66":3,"67":2,"68":1,"69":1,"70":1,"71":1,"72":0,"73":2,"74":4,"75":4,"76":4,"77":3,"78":1,"79":2,"80":2,"81":1,"82":1,"83":1,"84":0,"85":2,"86":1,"87":1,"88":1,"89":0,"90":2,"91":2,"92":2,"93":2,"94":0,"95":2,"96":2,"97":0,"98":0,"99":0,"100":0,"101":0,"102":0,"103":0,"104":0,"105":2,"106":2,"107":2,"108":2,"109":2,"110":0,"111":2,"112":2,"113":2,"114":1,"115":1,"116":1,"117":1,"118":1,"119":0,"120":2,"121":3,"122":3,"123":3,"124":3,"125":1,"126":2,"127":2,"128":1,"129":2,"130":1,"131":1,"132":1,"133":1,"134":0,"135":2,"136":2,"137":2,"138":2,"139":2,"140":2,"141":2,"142":1,"143":2,"144":1,"145":1,"146":1,"147":0,"148":2,"149":1,"150":1,"151":1,"152":1,"153":0},"f":{"0":1,"1":2,"2":2,"3":0,"4":5,"5":1,"6":3,"7":4,"8":1,"9":2,"10":2,"11":3,"12":1,"13":2,"14":1,"15":1},"b":{"0":[0,2],"1":[1,1],"2":[1,1],"3":[0,0],"4":[1,4],"5":[5,3],"6":[0,4],"7":[0,4],"8":[2,2],"9":[1,1],"10":[2,0],"11":[1,1,1],"12":[1,1],"13":[0,0],"14":[1,1],"15":[1,2],"16":[1,1],"17":[0,2],"18":[0,0],"19":[0,0],"20":[0,0],"21":[0,2],"22":[1,1],"23":[1,0],"24":[1,2],"25":[1,1],"26":[1,1],"27":[1,1],"28":[1,1]},"_coverageSchema":"1a1c01bbd47fc00a2c39e90264f33305004495a9","hash":"7d0473ad78a4b5937379abd719acdb74aae0ddf6"}
,"C:\\Users\\ayaan\\Documents\\University\\Semester 6\\Software Engineering\\Project\\Deliverable_2\\user-service\\src\\middleware\\authMiddleware.js": {"path":"C:\\Users\\ayaan\\Documents\\University\\Semester 6\\Software Engineering\\Project\\Deliverable_2\\user-service\\src\\middleware\\authMiddleware.js","statementMap":{"0":{"start":{"line":2,"column":12},"end":{"line":2,"column":35}},"1":{"start":{"line":3,"column":13},"end":{"line":3,"column":38}},"2":{"start":{"line":5,"column":13},"end":{"line":35,"column":1}},"3":{"start":{"line":6,"column":2},"end":{"line":34,"column":3}},"4":{"start":{"line":8,"column":16},"end":{"line":8,"column":43}},"5":{"start":{"line":9,"column":4},"end":{"line":11,"column":5}},"6":{"start":{"line":10,"column":6},"end":{"line":10,"column":32}},"7":{"start":{"line":13,"column":4},"end":{"line":15,"column":5}},"8":{"start":{"line":14,"column":6},"end":{"line":14,"column":79}},"9":{"start":{"line":17,"column":4},"end":{"line":17,"column":41}},"10":{"start":{"line":18,"column":20},"end":{"line":18,"column":61}},"11":{"start":{"line":19,"column":17},"end":{"line":19,"column":56}},"12":{"start":{"line":21,"column":4},"end":{"line":23,"column":5}},"13":{"start":{"line":22,"column":6},"end":{"line":22,"column":65}},"14":{"start":{"line":25,"column":4},"end":{"line":25,"column":20}},"15":{"start":{"line":26,"column":4},"end":{"line":26,"column":22}},"16":{"start":{"line":27,"column":4},"end":{"line":27,"column":11}},"17":{"start":{"line":29,"column":4},"end":{"line":29,"column":38}},"18":{"start":{"line":30,"column":4},"end":{"line":33,"column":7}},"19":{"start":{"line":37,"column":0},"end":{"line":37,"column":22}}},"fnMap":{"0":{"name":"(anonymous_0)","decl":{"start":{"line":5,"column":13},"end":{"line":5,"column":14}},"loc":{"start":{"line":5,"column":39},"end":{"line":35,"column":1}},"line":5}},"branchMap":{"0":{"loc":{"start":{"line":9,"column":4},"end":{"line":11,"column":5}},"type":"if","locations":[{"start":{"line":9,"column":4},"end":{"line":11,"column":5}},{"start":{},"end":{}}],"line":9},"1":{"loc":{"start":{"line":9,"column":8},"end":{"line":9,"column":36}},"type":"binary-expr","locations":[{"start":{"line":9,"column":8},"end":{"line":9,"column":14}},{"start":{"line":9,"column":18},"end":{"line":9,"column":36}}],"line":9},"2":{"loc":{"start":{"line":13,"column":4},"end":{"line":15,"column":5}},"type":"if","locations":[{"start":{"line":13,"column":4},"end":{"line":15,"column":5}},{"start":{},"end":{}}],"line":13},"3":{"loc":{"start":{"line":21,"column":4},"end":{"line":23,"column":5}},"type":"if","locations":[{"start":{"line":21,"column":4},"end":{"line":23,"column":5}},{"start":{},"end":{}}],"line":21}},"s":{"0":2,"1":2,"2":2,"3":2,"4":2,"5":2,"6":0,"7":2,"8":0,"9":2,"10":2,"11":1,"12":1,"13":0,"14":1,"15":1,"16":1,"17":1,"18":1,"19":2},"f":{"0":2},"b":{"0":[0,2],"1":[2,0],"2":[0,2],"3":[0,1]},"_coverageSchema":"1a1c01bbd47fc00a2c39e90264f33305004495a9","hash":"89c156690509c593ae83849eb9e8481e7603b4fa"}
,"C:\\Users\\ayaan\\Documents\\University\\Semester 6\\Software Engineering\\Project\\Deliverable_2\\user-service\\src\\models\\AuditLog.js": {"path":"C:\\Users\\ayaan\\Documents\\University\\Semester 6\\Software Engineering\\Project\\Deliverable_2\\user-service\\src\\models\\AuditLog.js","statementMap":{"0":{"start":{"line":2,"column":17},"end":{"line":2,"column":36}},"1":{"start":{"line":4,"column":23},"end":{"line":11,"column":2}},"2":{"start":{"line":13,"column":0},"end":{"line":13,"column":60}}},"fnMap":{},"branchMap":{},"s":{"0":2,"1":2,"2":2},"f":{},"b":{},"_coverageSchema":"1a1c01bbd47fc00a2c39e90264f33305004495a9","hash":"fb77e469ffe10ba516e7cfc30bd9a9233769275e"}
,"C:\\Users\\ayaan\\Documents\\University\\Semester 6\\Software Engineering\\Project\\Deliverable_2\\user-service\\src\\models\\Counter.js": {"path":"C:\\Users\\ayaan\\Documents\\University\\Semester 6\\Software Engineering\\Project\\Deliverable_2\\user-service\\src\\models\\Counter.js","statementMap":{"0":{"start":{"line":2,"column":17},"end":{"line":2,"column":36}},"1":{"start":{"line":4,"column":22},"end":{"line":7,"column":2}},"2":{"start":{"line":9,"column":0},"end":{"line":9,"column":58}}},"fnMap":{},"branchMap":{},"s":{"0":4,"1":4,"2":4},"f":{},"b":{},"_coverageSchema":"1a1c01bbd47fc00a2c39e90264f33305004495a9","hash":"6186be9dd5b67f2eb0816844c9cd7a90273a496b"}
,"C:\\Users\\ayaan\\Documents\\University\\Semester 6\\Software Engineering\\Project\\Deliverable_2\\user-service\\src\\models\\User.js": {"path":"C:\\Users\\ayaan\\Documents\\University\\Semester 6\\Software Engineering\\Project\\Deliverable_2\\user-service\\src\\models\\User.js","statementMap":{"0":{"start":{"line":1,"column":17},"end":{"line":1,"column":36}},"1":{"start":{"line":2,"column":15},"end":{"line":2,"column":32}},"2":{"start":{"line":3,"column":16},"end":{"line":3,"column":36}},"3":{"start":{"line":5,"column":19},"end":{"line":35,"column":2}},"4":{"start":{"line":37,"column":0},"end":{"line":60,"column":3}},"5":{"start":{"line":38,"column":2},"end":{"line":49,"column":3}},"6":{"start":{"line":39,"column":4},"end":{"line":48,"column":5}},"7":{"start":{"line":40,"column":22},"end":{"line":44,"column":7}},"8":{"start":{"line":45,"column":6},"end":{"line":45,"column":43}},"9":{"start":{"line":47,"column":6},"end":{"line":47,"column":23}},"10":{"start":{"line":51,"column":2},"end":{"line":58,"column":3}},"11":{"start":{"line":52,"column":4},"end":{"line":57,"column":5}},"12":{"start":{"line":53,"column":19},"end":{"line":53,"column":43}},"13":{"start":{"line":54,"column":6},"end":{"line":54,"column":61}},"14":{"start":{"line":56,"column":6},"end":{"line":56,"column":23}},"15":{"start":{"line":59,"column":2},"end":{"line":59,"column":9}},"16":{"start":{"line":62,"column":0},"end":{"line":64,"column":2}},"17":{"start":{"line":63,"column":2},"end":{"line":63,"column":58}},"18":{"start":{"line":66,"column":0},"end":{"line":66,"column":52}}},"fnMap":{"0":{"name":"(anonymous_0)","decl":{"start":{"line":37,"column":23},"end":{"line":37,"column":24}},"loc":{"start":{"line":37,"column":44},"end":{"line":60,"column":1}},"line":37},"1":{"name":"(anonymous_1)","decl":{"start":{"line":62,"column":37},"end":{"line":62,"column":38}},"loc":{"start":{"line":62,"column":71},"end":{"line":64,"column":1}},"line":62}},"branchMap":{"0":{"loc":{"start":{"line":38,"column":2},"end":{"line":49,"column":3}},"type":"if","locations":[{"start":{"line":38,"column":2},"end":{"line":49,"column":3}},{"start":{},"end":{}}],"line":38},"1":{"loc":{"start":{"line":38,"column":6},"end":{"line":38,"column":32}},"type":"binary-expr","locations":[{"start":{"line":38,"column":6},"end":{"line":38,"column":16}},{"start":{"line":38,"column":20},"end":{"line":38,"column":32}}],"line":38},"2":{"loc":{"start":{"line":51,"column":2},"end":{"line":58,"column":3}},"type":"if","locations":[{"start":{"line":51,"column":2},"end":{"line":58,"column":3}},{"start":{},"end":{}}],"line":51}},"s":{"0":4,"1":4,"2":4,"3":4,"4":4,"5":0,"6":0,"7":0,"8":0,"9":0,"10":0,"11":0,"12":0,"13":0,"14":0,"15":0,"16":4,"17":0,"18":4},"f":{"0":0,"1":0},"b":{"0":[0,0],"1":[0,0],"2":[0,0]},"_coverageSchema":"1a1c01bbd47fc00a2c39e90264f33305004495a9","hash":"5153eb61faa78f7f13167e78cda3a358023580cd"}
,"C:\\Users\\ayaan\\Documents\\University\\Semester 6\\Software Engineering\\Project\\Deliverable_2\\user-service\\src\\routes\\userRoutes.js": {"path":"C:\\Users\\ayaan\\Documents\\University\\Semester 6\\Software Engineering\\Project\\Deliverable_2\\user-service\\src\\routes\\userRoutes.js","statementMap":{"0":{"start":{"line":1,"column":16},"end":{"line":1,"column":34}},"1":{"start":{"line":2,"column":15},"end":{"line":2,"column":31}},"2":{"start":{"line":3,"column":23},"end":{"line":3,"column":63}},"3":{"start":{"line":4,"column":13},"end":{"line":4,"column":52}},"4":{"start":{"line":6,"column":0},"end":{"line":6,"column":50}},"5":{"start":{"line":7,"column":0},"end":{"line":7,"column":44}},"6":{"start":{"line":9,"column":0},"end":{"line":9,"column":55}},"7":{"start":{"line":10,"column":0},"end":{"line":10,"column":58}},"8":{"start":{"line":11,"column":0},"end":{"line":11,"column":61}},"9":{"start":{"line":13,"column":0},"end":{"line":13,"column":66}},"10":{"start":{"line":14,"column":0},"end":{"line":14,"column":71}},"11":{"start":{"line":15,"column":0},"end":{"line":15,"column":66}},"12":{"start":{"line":18,"column":0},"end":{"line":18,"column":73}},"13":{"start":{"line":19,"column":0},"end":{"line":19,"column":75}},"14":{"start":{"line":20,"column":0},"end":{"line":20,"column":73}},"15":{"start":{"line":22,"column":0},"end":{"line":22,"column":24}}},"fnMap":{},"branchMap":{},"s":{"0":1,"1":1,"2":1,"3":1,"4":1,"5":1,"6":1,"7":1,"8":1,"9":1,"10":1,"11":1,"12":1,"13":1,"14":1,"15":1},"f":{},"b":{},"_coverageSchema":"1a1c01bbd47fc00a2c39e90264f33305004495a9","hash":"bbff7545a79f81c9a3db3c4cbd5078a4984eeb75"}
}
