TN:
SF:src\controllers\userController.js
FN:7,(anonymous_0)
FN:12,(anonymous_1)
FN:50,(anonymous_2)
FN:59,(anonymous_3)
FN:68,(anonymous_4)
FN:93,(anonymous_5)
FN:118,(anonymous_6)
FN:133,(anonymous_7)
FN:153,(anonymous_8)
FN:162,(anonymous_9)
FN:193,(anonymous_10)
FN:223,(anonymous_11)
FN:233,(anonymous_12)
FN:244,(anonymous_13)
FN:251,(anonymous_14)
FN:264,(anonymous_15)
FNF:16
FNH:15
FNDA:1,(anonymous_0)
FNDA:2,(anonymous_1)
FNDA:2,(anonymous_2)
FNDA:0,(anonymous_3)
FNDA:5,(anonymous_4)
FNDA:1,(anonymous_5)
FNDA:3,(anonymous_6)
FNDA:4,(anonymous_7)
FNDA:1,(anonymous_8)
FNDA:2,(anonymous_9)
FNDA:2,(anonymous_10)
FNDA:3,(anonymous_11)
FNDA:1,(anonymous_12)
FNDA:2,(anonymous_13)
FNDA:1,(anonymous_14)
FNDA:1,(anonymous_15)
DA:1,2
DA:2,2
DA:3,2
DA:4,2
DA:7,2
DA:8,1
DA:12,2
DA:13,2
DA:14,2
DA:15,2
DA:16,2
DA:18,2
DA:19,1
DA:22,1
DA:23,1
DA:24,1
DA:26,1
DA:27,1
DA:28,1
DA:34,1
DA:35,1
DA:43,1
DA:45,0
DA:50,2
DA:51,2
DA:52,2
DA:53,2
DA:54,2
DA:56,1
DA:59,0
DA:63,0
DA:68,2
DA:69,5
DA:70,5
DA:71,5
DA:72,1
DA:75,4
DA:76,4
DA:77,4
DA:78,0
DA:81,4
DA:82,4
DA:84,4
DA:85,2
DA:86,1
DA:89,1
DA:90,1
DA:91,1
DA:92,2
DA:93,2
DA:94,2
DA:95,1
DA:97,1
DA:98,1
DA:99,1
DA:102,2
DA:103,0
DA:111,0
DA:113,2
DA:118,2
DA:119,3
DA:120,3
DA:121,3
DA:122,2
DA:123,1
DA:125,1
DA:126,1
DA:127,1
DA:129,0
DA:133,2
DA:134,4
DA:135,4
DA:136,4
DA:137,3
DA:139,2
DA:140,2
DA:142,1
DA:147,1
DA:149,0
DA:153,2
DA:154,1
DA:155,1
DA:156,1
DA:158,0
DA:162,2
DA:163,2
DA:164,2
DA:166,2
DA:167,0
DA:169,2
DA:172,2
DA:173,0
DA:175,0
DA:176,0
DA:178,0
DA:179,0
DA:187,0
DA:189,2
DA:193,2
DA:194,2
DA:195,2
DA:197,2
DA:198,0
DA:200,2
DA:203,2
DA:204,2
DA:206,1
DA:208,1
DA:209,1
DA:217,1
DA:219,0
DA:223,2
DA:224,3
DA:225,3
DA:226,3
DA:228,3
DA:229,1
DA:232,2
DA:233,2
DA:234,2
DA:236,1
DA:237,1
DA:238,1
DA:240,0
DA:244,2
DA:245,2
DA:246,2
DA:247,2
DA:249,2
DA:250,2
DA:251,2
DA:253,2
DA:254,1
DA:257,1
DA:258,1
DA:260,0
DA:264,2
DA:265,1
DA:266,1
DA:267,1
DA:268,1
DA:270,0
LF:142
LH:121
BRDA:16,0,0,0
BRDA:16,0,1,2
BRDA:18,1,0,1
BRDA:18,1,1,1
BRDA:54,2,0,1
BRDA:54,2,1,1
BRDA:59,3,0,0
BRDA:59,3,1,0
BRDA:71,4,0,1
BRDA:71,4,1,4
BRDA:71,5,0,5
BRDA:71,5,1,3
BRDA:76,6,0,0
BRDA:76,6,1,4
BRDA:77,7,0,0
BRDA:77,7,1,4
BRDA:84,8,0,2
BRDA:84,8,1,2
BRDA:85,9,0,1
BRDA:85,9,1,1
BRDA:92,10,0,2
BRDA:92,10,1,0
BRDA:93,11,0,1
BRDA:93,11,1,1
BRDA:93,11,2,1
BRDA:94,12,0,1
BRDA:94,12,1,1
BRDA:107,13,0,0
BRDA:107,13,1,0
BRDA:122,14,0,1
BRDA:122,14,1,1
BRDA:137,15,0,1
BRDA:137,15,1,2
BRDA:140,16,0,1
BRDA:140,16,1,1
BRDA:166,17,0,0
BRDA:166,17,1,2
BRDA:173,18,0,0
BRDA:173,18,1,0
BRDA:176,19,0,0
BRDA:176,19,1,0
BRDA:178,20,0,0
BRDA:178,20,1,0
BRDA:197,21,0,0
BRDA:197,21,1,2
BRDA:204,22,0,1
BRDA:204,22,1,1
BRDA:208,23,0,1
BRDA:208,23,1,0
BRDA:228,24,0,1
BRDA:228,24,1,2
BRDA:233,25,0,1
BRDA:233,25,1,1
BRDA:234,26,0,1
BRDA:234,26,1,1
BRDA:251,27,0,1
BRDA:251,27,1,1
BRDA:253,28,0,1
BRDA:253,28,1,1
BRF:59
BRH:42
end_of_record
TN:
SF:src\middleware\authMiddleware.js
FN:5,(anonymous_0)
FNF:1
FNH:1
FNDA:2,(anonymous_0)
DA:2,2
DA:3,2
DA:5,2
DA:6,2
DA:8,2
DA:9,2
DA:10,0
DA:13,2
DA:14,0
DA:17,2
DA:18,2
DA:19,1
DA:21,1
DA:22,0
DA:25,1
DA:26,1
DA:27,1
DA:29,1
DA:30,1
DA:37,2
LF:20
LH:17
BRDA:9,0,0,0
BRDA:9,0,1,2
BRDA:9,1,0,2
BRDA:9,1,1,0
BRDA:13,2,0,0
BRDA:13,2,1,2
BRDA:21,3,0,0
BRDA:21,3,1,1
BRF:8
BRH:4
end_of_record
TN:
SF:src\models\AuditLog.js
FNF:0
FNH:0
DA:2,2
DA:4,2
DA:13,2
LF:3
LH:3
BRF:0
BRH:0
end_of_record
TN:
SF:src\models\Counter.js
FNF:0
FNH:0
DA:2,4
DA:4,4
DA:9,4
LF:3
LH:3
BRF:0
BRH:0
end_of_record
TN:
SF:src\models\User.js
FN:37,(anonymous_0)
FN:62,(anonymous_1)
FNF:2
FNH:0
FNDA:0,(anonymous_0)
FNDA:0,(anonymous_1)
DA:1,4
DA:2,4
DA:3,4
DA:5,4
DA:37,4
DA:38,0
DA:39,0
DA:40,0
DA:45,0
DA:47,0
DA:51,0
DA:52,0
DA:53,0
DA:54,0
DA:56,0
DA:59,0
DA:62,4
DA:63,0
DA:66,4
LF:19
LH:7
BRDA:38,0,0,0
BRDA:38,0,1,0
BRDA:38,1,0,0
BRDA:38,1,1,0
BRDA:51,2,0,0
BRDA:51,2,1,0
BRF:6
BRH:0
end_of_record
TN:
SF:src\routes\userRoutes.js
FNF:0
FNH:0
DA:1,1
DA:2,1
DA:3,1
DA:4,1
DA:6,1
DA:7,1
DA:9,1
DA:10,1
DA:11,1
DA:13,1
DA:14,1
DA:15,1
DA:18,1
DA:19,1
DA:20,1
DA:22,1
LF:16
LH:16
BRF:0
BRH:0
end_of_record
