{"C:\\Users\\ayaan\\Documents\\University\\Semester 6\\Software Engineering\\Project\\Deliverable_2\\booking-service\\src\\config\\db.js": {"path":"C:\\Users\\ayaan\\Documents\\University\\Semester 6\\Software Engineering\\Project\\Deliverable_2\\booking-service\\src\\config\\db.js","statementMap":{"0":{"start":{"line":1,"column":17},"end":{"line":1,"column":36}},"1":{"start":{"line":3,"column":18},"end":{"line":14,"column":1}},"2":{"start":{"line":4,"column":2},"end":{"line":13,"column":3}},"3":{"start":{"line":5,"column":4},"end":{"line":8,"column":7}},"4":{"start":{"line":9,"column":4},"end":{"line":9,"column":53}},"5":{"start":{"line":11,"column":4},"end":{"line":11,"column":31}},"6":{"start":{"line":12,"column":4},"end":{"line":12,"column":20}},"7":{"start":{"line":16,"column":0},"end":{"line":16,"column":27}}},"fnMap":{"0":{"name":"(anonymous_0)","decl":{"start":{"line":3,"column":18},"end":{"line":3,"column":19}},"loc":{"start":{"line":3,"column":30},"end":{"line":14,"column":1}},"line":3}},"branchMap":{},"s":{"0":1,"1":1,"2":2,"3":2,"4":1,"5":1,"6":1,"7":1},"f":{"0":2},"b":{},"_coverageSchema":"1a1c01bbd47fc00a2c39e90264f33305004495a9","hash":"f0378e625628c6fcd1f3680540bd93f30806cf86"}
,"C:\\Users\\ayaan\\Documents\\University\\Semester 6\\Software Engineering\\Project\\Deliverable_2\\booking-service\\src\\controllers\\bookingController.js": {"path":"C:\\Users\\ayaan\\Documents\\University\\Semester 6\\Software Engineering\\Project\\Deliverable_2\\booking-service\\src\\controllers\\bookingController.js","statementMap":{"0":{"start":{"line":1,"column":14},"end":{"line":1,"column":30}},"1":{"start":{"line":2,"column":16},"end":{"line":2,"column":44}},"2":{"start":{"line":3,"column":19},"end":{"line":3,"column":50}},"3":{"start":{"line":4,"column":13},"end":{"line":4,"column":33}},"4":{"start":{"line":7,"column":0},"end":{"line":26,"column":3}},"5":{"start":{"line":8,"column":2},"end":{"line":25,"column":3}},"6":{"start":{"line":9,"column":16},"end":{"line":9,"column":26}},"7":{"start":{"line":10,"column":28},"end":{"line":13,"column":6}},"8":{"start":{"line":15,"column":4},"end":{"line":22,"column":5}},"9":{"start":{"line":16,"column":29},"end":{"line":16,"column":84}},"10":{"start":{"line":17,"column":6},"end":{"line":21,"column":9}},"11":{"start":{"line":24,"column":4},"end":{"line":24,"column":60}},"12":{"start":{"line":28,"column":25},"end":{"line":30,"column":1}},"13":{"start":{"line":29,"column":2},"end":{"line":29,"column":95}},"14":{"start":{"line":33,"column":27},"end":{"line":44,"column":1}},"15":{"start":{"line":34,"column":2},"end":{"line":43,"column":3}},"16":{"start":{"line":35,"column":27},"end":{"line":35,"column":82}},"17":{"start":{"line":36,"column":21},"end":{"line":38,"column":6}},"18":{"start":{"line":39,"column":4},"end":{"line":39,"column":25}},"19":{"start":{"line":41,"column":4},"end":{"line":41,"column":67}},"20":{"start":{"line":42,"column":4},"end":{"line":42,"column":31}},"21":{"start":{"line":47,"column":28},"end":{"line":60,"column":1}},"22":{"start":{"line":48,"column":2},"end":{"line":59,"column":3}},"23":{"start":{"line":49,"column":27},"end":{"line":49,"column":82}},"24":{"start":{"line":50,"column":21},"end":{"line":54,"column":6}},"25":{"start":{"line":55,"column":4},"end":{"line":55,"column":25}},"26":{"start":{"line":57,"column":4},"end":{"line":57,"column":68}},"27":{"start":{"line":58,"column":4},"end":{"line":58,"column":88}},"28":{"start":{"line":63,"column":24},"end":{"line":72,"column":1}},"29":{"start":{"line":64,"column":16},"end":{"line":64,"column":18}},"30":{"start":{"line":65,"column":16},"end":{"line":65,"column":31}},"31":{"start":{"line":66,"column":15},"end":{"line":66,"column":28}},"32":{"start":{"line":67,"column":2},"end":{"line":70,"column":3}},"33":{"start":{"line":68,"column":4},"end":{"line":68,"column":52}},"34":{"start":{"line":69,"column":4},"end":{"line":69,"column":43}},"35":{"start":{"line":71,"column":2},"end":{"line":71,"column":15}},"36":{"start":{"line":74,"column":0},"end":{"line":149,"column":2}},"37":{"start":{"line":75,"column":113},"end":{"line":75,"column":121}},"38":{"start":{"line":77,"column":2},"end":{"line":148,"column":3}},"39":{"start":{"line":78,"column":4},"end":{"line":78,"column":55}},"40":{"start":{"line":80,"column":27},"end":{"line":80,"column":82}},"41":{"start":{"line":82,"column":25},"end":{"line":82,"column":81}},"42":{"start":{"line":83,"column":17},"end":{"line":83,"column":34}},"43":{"start":{"line":84,"column":4},"end":{"line":87,"column":5}},"44":{"start":{"line":85,"column":6},"end":{"line":85,"column":52}},"45":{"start":{"line":86,"column":6},"end":{"line":86,"column":61}},"46":{"start":{"line":88,"column":4},"end":{"line":88,"column":41}},"47":{"start":{"line":91,"column":24},"end":{"line":91,"column":41}},"48":{"start":{"line":92,"column":25},"end":{"line":92,"column":43}},"49":{"start":{"line":93,"column":4},"end":{"line":96,"column":5}},"50":{"start":{"line":94,"column":6},"end":{"line":94,"column":84}},"51":{"start":{"line":95,"column":6},"end":{"line":95,"column":66}},"52":{"start":{"line":99,"column":26},"end":{"line":99,"column":68}},"53":{"start":{"line":100,"column":4},"end":{"line":100,"column":50}},"54":{"start":{"line":103,"column":24},"end":{"line":103,"column":89}},"55":{"start":{"line":103,"column":54},"end":{"line":103,"column":88}},"56":{"start":{"line":104,"column":4},"end":{"line":107,"column":5}},"57":{"start":{"line":105,"column":6},"end":{"line":105,"column":73}},"58":{"start":{"line":106,"column":6},"end":{"line":106,"column":91}},"59":{"start":{"line":110,"column":29},"end":{"line":117,"column":6}},"60":{"start":{"line":118,"column":4},"end":{"line":121,"column":5}},"61":{"start":{"line":119,"column":6},"end":{"line":119,"column":47}},"62":{"start":{"line":120,"column":6},"end":{"line":120,"column":92}},"63":{"start":{"line":124,"column":20},"end":{"line":135,"column":6}},"64":{"start":{"line":136,"column":4},"end":{"line":136,"column":25}},"65":{"start":{"line":137,"column":4},"end":{"line":137,"column":49}},"66":{"start":{"line":140,"column":34},"end":{"line":140,"column":101}},"67":{"start":{"line":140,"column":71},"end":{"line":140,"column":100}},"68":{"start":{"line":141,"column":4},"end":{"line":141,"column":104}},"69":{"start":{"line":142,"column":4},"end":{"line":142,"column":47}},"70":{"start":{"line":144,"column":4},"end":{"line":144,"column":38}},"71":{"start":{"line":146,"column":4},"end":{"line":146,"column":73}},"72":{"start":{"line":147,"column":4},"end":{"line":147,"column":72}},"73":{"start":{"line":151,"column":0},"end":{"line":206,"column":2}},"74":{"start":{"line":152,"column":2},"end":{"line":205,"column":3}},"75":{"start":{"line":153,"column":22},"end":{"line":153,"column":35}},"76":{"start":{"line":154,"column":20},"end":{"line":154,"column":53}},"77":{"start":{"line":155,"column":4},"end":{"line":155,"column":76}},"78":{"start":{"line":155,"column":18},"end":{"line":155,"column":76}},"79":{"start":{"line":157,"column":27},"end":{"line":157,"column":82}},"80":{"start":{"line":160,"column":23},"end":{"line":160,"column":73}},"81":{"start":{"line":163,"column":26},"end":{"line":167,"column":6}},"82":{"start":{"line":170,"column":26},"end":{"line":173,"column":6}},"83":{"start":{"line":171,"column":22},"end":{"line":171,"column":36}},"84":{"start":{"line":172,"column":6},"end":{"line":172,"column":104}},"85":{"start":{"line":172,"column":38},"end":{"line":172,"column":102}},"86":{"start":{"line":176,"column":25},"end":{"line":176,"column":89}},"87":{"start":{"line":177,"column":17},"end":{"line":177,"column":34}},"88":{"start":{"line":180,"column":34},"end":{"line":180,"column":59}},"89":{"start":{"line":181,"column":30},"end":{"line":181,"column":95}},"90":{"start":{"line":183,"column":4},"end":{"line":185,"column":7}},"91":{"start":{"line":188,"column":4},"end":{"line":188,"column":40}},"92":{"start":{"line":189,"column":4},"end":{"line":189,"column":25}},"93":{"start":{"line":192,"column":4},"end":{"line":198,"column":5}},"94":{"start":{"line":193,"column":29},"end":{"line":193,"column":84}},"95":{"start":{"line":194,"column":6},"end":{"line":197,"column":9}},"96":{"start":{"line":200,"column":4},"end":{"line":200,"column":103}},"97":{"start":{"line":201,"column":4},"end":{"line":201,"column":52}},"98":{"start":{"line":203,"column":4},"end":{"line":203,"column":50}},"99":{"start":{"line":204,"column":4},"end":{"line":204,"column":52}},"100":{"start":{"line":208,"column":0},"end":{"line":253,"column":2}},"101":{"start":{"line":209,"column":2},"end":{"line":252,"column":3}},"102":{"start":{"line":210,"column":22},"end":{"line":210,"column":31}},"103":{"start":{"line":211,"column":4},"end":{"line":213,"column":5}},"104":{"start":{"line":212,"column":6},"end":{"line":212,"column":64}},"105":{"start":{"line":216,"column":21},"end":{"line":216,"column":69}},"106":{"start":{"line":218,"column":4},"end":{"line":220,"column":5}},"107":{"start":{"line":219,"column":6},"end":{"line":219,"column":78}},"108":{"start":{"line":222,"column":27},"end":{"line":222,"column":82}},"109":{"start":{"line":225,"column":29},"end":{"line":246,"column":5}},"110":{"start":{"line":227,"column":8},"end":{"line":244,"column":9}},"111":{"start":{"line":228,"column":31},"end":{"line":228,"column":95}},"112":{"start":{"line":229,"column":23},"end":{"line":229,"column":40}},"113":{"start":{"line":230,"column":10},"end":{"line":237,"column":12}},"114":{"start":{"line":239,"column":10},"end":{"line":239,"column":98}},"115":{"start":{"line":240,"column":10},"end":{"line":243,"column":12}},"116":{"start":{"line":248,"column":4},"end":{"line":248,"column":57}},"117":{"start":{"line":250,"column":4},"end":{"line":250,"column":71}},"118":{"start":{"line":251,"column":4},"end":{"line":251,"column":52}},"119":{"start":{"line":255,"column":0},"end":{"line":278,"column":2}},"120":{"start":{"line":256,"column":2},"end":{"line":277,"column":3}},"121":{"start":{"line":257,"column":19},"end":{"line":257,"column":29}},"122":{"start":{"line":258,"column":50},"end":{"line":258,"column":58}},"123":{"start":{"line":259,"column":20},"end":{"line":259,"column":46}},"124":{"start":{"line":260,"column":4},"end":{"line":262,"column":5}},"125":{"start":{"line":261,"column":6},"end":{"line":261,"column":64}},"126":{"start":{"line":263,"column":4},"end":{"line":265,"column":5}},"127":{"start":{"line":264,"column":6},"end":{"line":264,"column":80}},"128":{"start":{"line":266,"column":4},"end":{"line":268,"column":5}},"129":{"start":{"line":267,"column":6},"end":{"line":267,"column":92}},"130":{"start":{"line":269,"column":4},"end":{"line":271,"column":5}},"131":{"start":{"line":270,"column":6},"end":{"line":270,"column":49}},"132":{"start":{"line":272,"column":4},"end":{"line":272,"column":25}},"133":{"start":{"line":273,"column":4},"end":{"line":273,"column":22}},"134":{"start":{"line":275,"column":4},"end":{"line":275,"column":50}},"135":{"start":{"line":276,"column":4},"end":{"line":276,"column":52}},"136":{"start":{"line":280,"column":0},"end":{"line":307,"column":2}},"137":{"start":{"line":281,"column":2},"end":{"line":306,"column":3}},"138":{"start":{"line":282,"column":19},"end":{"line":282,"column":29}},"139":{"start":{"line":283,"column":32},"end":{"line":283,"column":40}},"140":{"start":{"line":284,"column":20},"end":{"line":284,"column":46}},"141":{"start":{"line":285,"column":4},"end":{"line":287,"column":5}},"142":{"start":{"line":286,"column":6},"end":{"line":286,"column":64}},"143":{"start":{"line":288,"column":4},"end":{"line":290,"column":5}},"144":{"start":{"line":289,"column":6},"end":{"line":289,"column":93}},"145":{"start":{"line":291,"column":4},"end":{"line":291,"column":35}},"146":{"start":{"line":292,"column":4},"end":{"line":292,"column":25}},"147":{"start":{"line":294,"column":23},"end":{"line":298,"column":6}},"148":{"start":{"line":299,"column":4},"end":{"line":299,"column":28}},"149":{"start":{"line":301,"column":4},"end":{"line":301,"column":126}},"150":{"start":{"line":302,"column":4},"end":{"line":302,"column":52}},"151":{"start":{"line":304,"column":4},"end":{"line":304,"column":51}},"152":{"start":{"line":305,"column":4},"end":{"line":305,"column":52}},"153":{"start":{"line":309,"column":0},"end":{"line":321,"column":2}},"154":{"start":{"line":310,"column":2},"end":{"line":320,"column":3}},"155":{"start":{"line":311,"column":19},"end":{"line":311,"column":29}},"156":{"start":{"line":312,"column":20},"end":{"line":312,"column":46}},"157":{"start":{"line":313,"column":4},"end":{"line":315,"column":5}},"158":{"start":{"line":314,"column":6},"end":{"line":314,"column":64}},"159":{"start":{"line":316,"column":4},"end":{"line":316,"column":22}},"160":{"start":{"line":318,"column":4},"end":{"line":318,"column":51}},"161":{"start":{"line":319,"column":4},"end":{"line":319,"column":52}},"162":{"start":{"line":323,"column":0},"end":{"line":336,"column":2}},"163":{"start":{"line":324,"column":2},"end":{"line":335,"column":3}},"164":{"start":{"line":325,"column":30},"end":{"line":325,"column":38}},"165":{"start":{"line":326,"column":4},"end":{"line":328,"column":5}},"166":{"start":{"line":327,"column":6},"end":{"line":327,"column":76}},"167":{"start":{"line":329,"column":27},"end":{"line":329,"column":82}},"168":{"start":{"line":330,"column":4},"end":{"line":330,"column":85}},"169":{"start":{"line":331,"column":4},"end":{"line":331,"column":48}},"170":{"start":{"line":333,"column":4},"end":{"line":333,"column":55}},"171":{"start":{"line":334,"column":4},"end":{"line":334,"column":52}}},"fnMap":{"0":{"name":"(anonymous_0)","decl":{"start":{"line":7,"column":27},"end":{"line":7,"column":28}},"loc":{"start":{"line":7,"column":39},"end":{"line":26,"column":1}},"line":7},"1":{"name":"(anonymous_1)","decl":{"start":{"line":28,"column":25},"end":{"line":28,"column":26}},"loc":{"start":{"line":28,"column":65},"end":{"line":30,"column":1}},"line":28},"2":{"name":"(anonymous_2)","decl":{"start":{"line":33,"column":27},"end":{"line":33,"column":28}},"loc":{"start":{"line":33,"column":44},"end":{"line":44,"column":1}},"line":33},"3":{"name":"(anonymous_3)","decl":{"start":{"line":47,"column":28},"end":{"line":47,"column":29}},"loc":{"start":{"line":47,"column":65},"end":{"line":60,"column":1}},"line":47},"4":{"name":"(anonymous_4)","decl":{"start":{"line":63,"column":24},"end":{"line":63,"column":25}},"loc":{"start":{"line":63,"column":40},"end":{"line":72,"column":1}},"line":63},"5":{"name":"(anonymous_5)","decl":{"start":{"line":74,"column":24},"end":{"line":74,"column":25}},"loc":{"start":{"line":74,"column":44},"end":{"line":149,"column":1}},"line":74},"6":{"name":"(anonymous_6)","decl":{"start":{"line":103,"column":44},"end":{"line":103,"column":45}},"loc":{"start":{"line":103,"column":54},"end":{"line":103,"column":88}},"line":103},"7":{"name":"(anonymous_7)","decl":{"start":{"line":140,"column":61},"end":{"line":140,"column":62}},"loc":{"start":{"line":140,"column":71},"end":{"line":140,"column":100}},"line":140},"8":{"name":"(anonymous_8)","decl":{"start":{"line":151,"column":24},"end":{"line":151,"column":25}},"loc":{"start":{"line":151,"column":44},"end":{"line":206,"column":1}},"line":151},"9":{"name":"(anonymous_9)","decl":{"start":{"line":170,"column":44},"end":{"line":170,"column":45}},"loc":{"start":{"line":170,"column":52},"end":{"line":173,"column":5}},"line":170},"10":{"name":"(anonymous_10)","decl":{"start":{"line":172,"column":33},"end":{"line":172,"column":34}},"loc":{"start":{"line":172,"column":38},"end":{"line":172,"column":102}},"line":172},"11":{"name":"(anonymous_11)","decl":{"start":{"line":208,"column":26},"end":{"line":208,"column":27}},"loc":{"start":{"line":208,"column":46},"end":{"line":253,"column":1}},"line":208},"12":{"name":"(anonymous_12)","decl":{"start":{"line":226,"column":19},"end":{"line":226,"column":20}},"loc":{"start":{"line":226,"column":38},"end":{"line":245,"column":7}},"line":226},"13":{"name":"(anonymous_13)","decl":{"start":{"line":255,"column":24},"end":{"line":255,"column":25}},"loc":{"start":{"line":255,"column":44},"end":{"line":278,"column":1}},"line":255},"14":{"name":"(anonymous_14)","decl":{"start":{"line":280,"column":25},"end":{"line":280,"column":26}},"loc":{"start":{"line":280,"column":45},"end":{"line":307,"column":1}},"line":280},"15":{"name":"(anonymous_15)","decl":{"start":{"line":309,"column":25},"end":{"line":309,"column":26}},"loc":{"start":{"line":309,"column":45},"end":{"line":321,"column":1}},"line":309},"16":{"name":"(anonymous_16)","decl":{"start":{"line":323,"column":29},"end":{"line":323,"column":30}},"loc":{"start":{"line":323,"column":49},"end":{"line":336,"column":1}},"line":323}},"branchMap":{"0":{"loc":{"start":{"line":16,"column":29},"end":{"line":16,"column":84}},"type":"binary-expr","locations":[{"start":{"line":16,"column":29},"end":{"line":16,"column":57}},{"start":{"line":16,"column":61},"end":{"line":16,"column":84}}],"line":16},"1":{"loc":{"start":{"line":35,"column":27},"end":{"line":35,"column":82}},"type":"binary-expr","locations":[{"start":{"line":35,"column":27},"end":{"line":35,"column":55}},{"start":{"line":35,"column":59},"end":{"line":35,"column":82}}],"line":35},"2":{"loc":{"start":{"line":49,"column":27},"end":{"line":49,"column":82}},"type":"binary-expr","locations":[{"start":{"line":49,"column":27},"end":{"line":49,"column":55}},{"start":{"line":49,"column":59},"end":{"line":49,"column":82}}],"line":49},"3":{"loc":{"start":{"line":58,"column":20},"end":{"line":58,"column":86}},"type":"binary-expr","locations":[{"start":{"line":58,"column":20},"end":{"line":58,"column":49}},{"start":{"line":58,"column":53},"end":{"line":58,"column":86}}],"line":58},"4":{"loc":{"start":{"line":80,"column":27},"end":{"line":80,"column":82}},"type":"binary-expr","locations":[{"start":{"line":80,"column":27},"end":{"line":80,"column":55}},{"start":{"line":80,"column":59},"end":{"line":80,"column":82}}],"line":80},"5":{"loc":{"start":{"line":84,"column":4},"end":{"line":87,"column":5}},"type":"if","locations":[{"start":{"line":84,"column":4},"end":{"line":87,"column":5}},{"start":{},"end":{}}],"line":84},"6":{"loc":{"start":{"line":93,"column":4},"end":{"line":96,"column":5}},"type":"if","locations":[{"start":{"line":93,"column":4},"end":{"line":96,"column":5}},{"start":{},"end":{}}],"line":93},"7":{"loc":{"start":{"line":93,"column":8},"end":{"line":93,"column":49}},"type":"binary-expr","locations":[{"start":{"line":93,"column":8},"end":{"line":93,"column":26}},{"start":{"line":93,"column":30},"end":{"line":93,"column":49}}],"line":93},"8":{"loc":{"start":{"line":104,"column":4},"end":{"line":107,"column":5}},"type":"if","locations":[{"start":{"line":104,"column":4},"end":{"line":107,"column":5}},{"start":{},"end":{}}],"line":104},"9":{"loc":{"start":{"line":118,"column":4},"end":{"line":121,"column":5}},"type":"if","locations":[{"start":{"line":118,"column":4},"end":{"line":121,"column":5}},{"start":{},"end":{}}],"line":118},"10":{"loc":{"start":{"line":132,"column":20},"end":{"line":132,"column":38}},"type":"binary-expr","locations":[{"start":{"line":132,"column":20},"end":{"line":132,"column":33}},{"start":{"line":132,"column":37},"end":{"line":132,"column":38}}],"line":132},"11":{"loc":{"start":{"line":133,"column":20},"end":{"line":133,"column":39}},"type":"binary-expr","locations":[{"start":{"line":133,"column":20},"end":{"line":133,"column":33}},{"start":{"line":133,"column":37},"end":{"line":133,"column":39}}],"line":133},"12":{"loc":{"start":{"line":155,"column":4},"end":{"line":155,"column":76}},"type":"if","locations":[{"start":{"line":155,"column":4},"end":{"line":155,"column":76}},{"start":{},"end":{}}],"line":155},"13":{"loc":{"start":{"line":157,"column":27},"end":{"line":157,"column":82}},"type":"binary-expr","locations":[{"start":{"line":157,"column":27},"end":{"line":157,"column":55}},{"start":{"line":157,"column":59},"end":{"line":157,"column":82}}],"line":157},"14":{"loc":{"start":{"line":172,"column":38},"end":{"line":172,"column":102}},"type":"binary-expr","locations":[{"start":{"line":172,"column":38},"end":{"line":172,"column":68}},{"start":{"line":172,"column":72},"end":{"line":172,"column":102}}],"line":172},"15":{"loc":{"start":{"line":180,"column":34},"end":{"line":180,"column":59}},"type":"binary-expr","locations":[{"start":{"line":180,"column":34},"end":{"line":180,"column":53}},{"start":{"line":180,"column":57},"end":{"line":180,"column":59}}],"line":180},"16":{"loc":{"start":{"line":192,"column":4},"end":{"line":198,"column":5}},"type":"if","locations":[{"start":{"line":192,"column":4},"end":{"line":198,"column":5}},{"start":{},"end":{}}],"line":192},"17":{"loc":{"start":{"line":193,"column":29},"end":{"line":193,"column":84}},"type":"binary-expr","locations":[{"start":{"line":193,"column":29},"end":{"line":193,"column":57}},{"start":{"line":193,"column":61},"end":{"line":193,"column":84}}],"line":193},"18":{"loc":{"start":{"line":211,"column":4},"end":{"line":213,"column":5}},"type":"if","locations":[{"start":{"line":211,"column":4},"end":{"line":213,"column":5}},{"start":{},"end":{}}],"line":211},"19":{"loc":{"start":{"line":218,"column":4},"end":{"line":220,"column":5}},"type":"if","locations":[{"start":{"line":218,"column":4},"end":{"line":220,"column":5}},{"start":{},"end":{}}],"line":218},"20":{"loc":{"start":{"line":218,"column":8},"end":{"line":218,"column":42}},"type":"binary-expr","locations":[{"start":{"line":218,"column":8},"end":{"line":218,"column":17}},{"start":{"line":218,"column":21},"end":{"line":218,"column":42}}],"line":218},"21":{"loc":{"start":{"line":222,"column":27},"end":{"line":222,"column":82}},"type":"binary-expr","locations":[{"start":{"line":222,"column":27},"end":{"line":222,"column":55}},{"start":{"line":222,"column":59},"end":{"line":222,"column":82}}],"line":222},"22":{"loc":{"start":{"line":233,"column":26},"end":{"line":233,"column":50}},"type":"binary-expr","locations":[{"start":{"line":233,"column":26},"end":{"line":233,"column":41}},{"start":{"line":233,"column":45},"end":{"line":233,"column":50}}],"line":233},"23":{"loc":{"start":{"line":234,"column":20},"end":{"line":234,"column":38}},"type":"binary-expr","locations":[{"start":{"line":234,"column":20},"end":{"line":234,"column":29}},{"start":{"line":234,"column":33},"end":{"line":234,"column":38}}],"line":234},"24":{"loc":{"start":{"line":235,"column":21},"end":{"line":235,"column":36}},"type":"binary-expr","locations":[{"start":{"line":235,"column":21},"end":{"line":235,"column":31}},{"start":{"line":235,"column":35},"end":{"line":235,"column":36}}],"line":235},"25":{"loc":{"start":{"line":260,"column":4},"end":{"line":262,"column":5}},"type":"if","locations":[{"start":{"line":260,"column":4},"end":{"line":262,"column":5}},{"start":{},"end":{}}],"line":260},"26":{"loc":{"start":{"line":263,"column":4},"end":{"line":265,"column":5}},"type":"if","locations":[{"start":{"line":263,"column":4},"end":{"line":265,"column":5}},{"start":{},"end":{}}],"line":263},"27":{"loc":{"start":{"line":266,"column":4},"end":{"line":268,"column":5}},"type":"if","locations":[{"start":{"line":266,"column":4},"end":{"line":268,"column":5}},{"start":{},"end":{}}],"line":266},"28":{"loc":{"start":{"line":269,"column":4},"end":{"line":271,"column":5}},"type":"if","locations":[{"start":{"line":269,"column":4},"end":{"line":271,"column":5}},{"start":{},"end":{}}],"line":269},"29":{"loc":{"start":{"line":285,"column":4},"end":{"line":287,"column":5}},"type":"if","locations":[{"start":{"line":285,"column":4},"end":{"line":287,"column":5}},{"start":{},"end":{}}],"line":285},"30":{"loc":{"start":{"line":288,"column":4},"end":{"line":290,"column":5}},"type":"if","locations":[{"start":{"line":288,"column":4},"end":{"line":290,"column":5}},{"start":{},"end":{}}],"line":288},"31":{"loc":{"start":{"line":313,"column":4},"end":{"line":315,"column":5}},"type":"if","locations":[{"start":{"line":313,"column":4},"end":{"line":315,"column":5}},{"start":{},"end":{}}],"line":313},"32":{"loc":{"start":{"line":326,"column":4},"end":{"line":328,"column":5}},"type":"if","locations":[{"start":{"line":326,"column":4},"end":{"line":328,"column":5}},{"start":{},"end":{}}],"line":326},"33":{"loc":{"start":{"line":326,"column":8},"end":{"line":326,"column":38}},"type":"binary-expr","locations":[{"start":{"line":326,"column":8},"end":{"line":326,"column":14}},{"start":{"line":326,"column":18},"end":{"line":326,"column":38}}],"line":326},"34":{"loc":{"start":{"line":329,"column":27},"end":{"line":329,"column":82}},"type":"binary-expr","locations":[{"start":{"line":329,"column":27},"end":{"line":329,"column":55}},{"start":{"line":329,"column":59},"end":{"line":329,"column":82}}],"line":329}},"s":{"0":3,"1":3,"2":3,"3":3,"4":3,"5":0,"6":0,"7":0,"8":0,"9":0,"10":0,"11":0,"12":3,"13":2,"14":3,"15":0,"16":0,"17":0,"18":0,"19":0,"20":0,"21":3,"22":0,"23":0,"24":0,"25":0,"26":0,"27":0,"28":3,"29":6,"30":6,"31":6,"32":6,"33":5,"34":5,"35":6,"36":3,"37":6,"38":6,"39":6,"40":6,"41":6,"42":6,"43":6,"44":1,"45":1,"46":5,"47":5,"48":5,"49":5,"50":1,"51":1,"52":4,"53":4,"54":4,"55":4,"56":4,"57":1,"58":1,"59":3,"60":3,"61":1,"62":1,"63":2,"64":2,"65":2,"66":2,"67":4,"68":2,"69":1,"70":1,"71":1,"72":1,"73":3,"74":3,"75":3,"76":3,"77":3,"78":1,"79":2,"80":2,"81":2,"82":2,"83":1,"84":1,"85":0,"86":2,"87":1,"88":1,"89":1,"90":1,"91":1,"92":1,"93":1,"94":1,"95":1,"96":1,"97":1,"98":1,"99":1,"100":3,"101":3,"102":3,"103":3,"104":1,"105":2,"106":0,"107":0,"108":0,"109":0,"110":0,"111":0,"112":0,"113":0,"114":0,"115":0,"116":0,"117":2,"118":2,"119":3,"120":3,"121":3,"122":3,"123":3,"124":3,"125":1,"126":2,"127":1,"128":1,"129":1,"130":1,"131":1,"132":0,"133":0,"134":1,"135":1,"136":3,"137":3,"138":3,"139":3,"140":3,"141":3,"142":1,"143":2,"144":1,"145":1,"146":1,"147":1,"148":1,"149":1,"150":1,"151":0,"152":0,"153":3,"154":2,"155":2,"156":2,"157":2,"158":1,"159":1,"160":0,"161":0,"162":3,"163":2,"164":2,"165":2,"166":1,"167":1,"168":1,"169":1,"170":0,"171":0},"f":{"0":0,"1":2,"2":0,"3":0,"4":6,"5":6,"6":4,"7":4,"8":3,"9":1,"10":0,"11":3,"12":0,"13":3,"14":3,"15":2,"16":2},"b":{"0":[0,0],"1":[0,0],"2":[0,0],"3":[0,0],"4":[6,6],"5":[1,5],"6":[1,4],"7":[5,4],"8":[1,3],"9":[1,2],"10":[2,2],"11":[2,2],"12":[1,2],"13":[2,2],"14":[0,0],"15":[1,0],"16":[1,0],"17":[1,1],"18":[1,2],"19":[0,0],"20":[0,0],"21":[0,0],"22":[0,0],"23":[0,0],"24":[0,0],"25":[1,2],"26":[1,1],"27":[1,0],"28":[1,0],"29":[1,2],"30":[1,1],"31":[1,1],"32":[1,1],"33":[2,1],"34":[1,1]},"_coverageSchema":"1a1c01bbd47fc00a2c39e90264f33305004495a9","hash":"af7244b9acf95bb810c47b294efd6ba041dc02c4"}
,"C:\\Users\\ayaan\\Documents\\University\\Semester 6\\Software Engineering\\Project\\Deliverable_2\\booking-service\\src\\controllers\\groupBookingController.js": {"path":"C:\\Users\\ayaan\\Documents\\University\\Semester 6\\Software Engineering\\Project\\Deliverable_2\\booking-service\\src\\controllers\\groupBookingController.js","statementMap":{"0":{"start":{"line":1,"column":14},"end":{"line":1,"column":30}},"1":{"start":{"line":2,"column":21},"end":{"line":2,"column":54}},"2":{"start":{"line":3,"column":16},"end":{"line":3,"column":44}},"3":{"start":{"line":6,"column":24},"end":{"line":15,"column":1}},"4":{"start":{"line":7,"column":16},"end":{"line":7,"column":18}},"5":{"start":{"line":8,"column":16},"end":{"line":8,"column":31}},"6":{"start":{"line":9,"column":15},"end":{"line":9,"column":28}},"7":{"start":{"line":10,"column":2},"end":{"line":13,"column":3}},"8":{"start":{"line":11,"column":4},"end":{"line":11,"column":52}},"9":{"start":{"line":12,"column":4},"end":{"line":12,"column":43}},"10":{"start":{"line":14,"column":2},"end":{"line":14,"column":15}},"11":{"start":{"line":18,"column":23},"end":{"line":27,"column":1}},"12":{"start":{"line":19,"column":12},"end":{"line":19,"column":13}},"13":{"start":{"line":20,"column":2},"end":{"line":25,"column":3}},"14":{"start":{"line":21,"column":16},"end":{"line":21,"column":115}},"15":{"start":{"line":22,"column":17},"end":{"line":22,"column":25}},"16":{"start":{"line":23,"column":19},"end":{"line":23,"column":87}},"17":{"start":{"line":24,"column":4},"end":{"line":24,"column":31}},"18":{"start":{"line":26,"column":2},"end":{"line":26,"column":40}},"19":{"start":{"line":30,"column":25},"end":{"line":32,"column":1}},"20":{"start":{"line":31,"column":2},"end":{"line":31,"column":95}},"21":{"start":{"line":35,"column":0},"end":{"line":119,"column":2}},"22":{"start":{"line":36,"column":2},"end":{"line":118,"column":3}},"23":{"start":{"line":37,"column":48},"end":{"line":37,"column":56}},"24":{"start":{"line":40,"column":4},"end":{"line":42,"column":5}},"25":{"start":{"line":41,"column":6},"end":{"line":41,"column":95}},"26":{"start":{"line":45,"column":28},"end":{"line":89,"column":6}},"27":{"start":{"line":46,"column":6},"end":{"line":88,"column":7}},"28":{"start":{"line":47,"column":29},"end":{"line":47,"column":73}},"29":{"start":{"line":50,"column":31},"end":{"line":50,"column":86}},"30":{"start":{"line":51,"column":29},"end":{"line":51,"column":90}},"31":{"start":{"line":52,"column":25},"end":{"line":52,"column":42}},"32":{"start":{"line":53,"column":8},"end":{"line":55,"column":9}},"33":{"start":{"line":54,"column":10},"end":{"line":54,"column":59}},"34":{"start":{"line":58,"column":31},"end":{"line":58,"column":60}},"35":{"start":{"line":59,"column":34},"end":{"line":59,"column":91}},"36":{"start":{"line":59,"column":61},"end":{"line":59,"column":90}},"37":{"start":{"line":60,"column":8},"end":{"line":62,"column":9}},"38":{"start":{"line":61,"column":10},"end":{"line":61,"column":89}},"39":{"start":{"line":65,"column":28},"end":{"line":73,"column":9}},"40":{"start":{"line":74,"column":24},"end":{"line":74,"column":48}},"41":{"start":{"line":75,"column":8},"end":{"line":75,"column":29}},"42":{"start":{"line":78,"column":38},"end":{"line":78,"column":97}},"43":{"start":{"line":78,"column":68},"end":{"line":78,"column":96}},"44":{"start":{"line":79,"column":8},"end":{"line":79,"column":113}},"45":{"start":{"line":82,"column":8},"end":{"line":82,"column":118}},"46":{"start":{"line":84,"column":8},"end":{"line":84,"column":27}},"47":{"start":{"line":86,"column":8},"end":{"line":86,"column":78}},"48":{"start":{"line":87,"column":8},"end":{"line":87,"column":20}},"49":{"start":{"line":91,"column":23},"end":{"line":91,"column":57}},"50":{"start":{"line":94,"column":29},"end":{"line":107,"column":5}},"51":{"start":{"line":96,"column":41},"end":{"line":103,"column":7}},"52":{"start":{"line":109,"column":18},"end":{"line":109,"column":61}},"53":{"start":{"line":112,"column":4},"end":{"line":112,"column":117}},"54":{"start":{"line":114,"column":4},"end":{"line":114,"column":32}},"55":{"start":{"line":116,"column":4},"end":{"line":116,"column":62}},"56":{"start":{"line":117,"column":4},"end":{"line":117,"column":67}},"57":{"start":{"line":122,"column":0},"end":{"line":131,"column":2}},"58":{"start":{"line":123,"column":2},"end":{"line":130,"column":3}},"59":{"start":{"line":124,"column":27},"end":{"line":124,"column":36}},"60":{"start":{"line":125,"column":19},"end":{"line":125,"column":58}},"61":{"start":{"line":126,"column":4},"end":{"line":126,"column":21}},"62":{"start":{"line":128,"column":4},"end":{"line":128,"column":23}},"63":{"start":{"line":129,"column":4},"end":{"line":129,"column":52}},"64":{"start":{"line":133,"column":0},"end":{"line":151,"column":2}},"65":{"start":{"line":134,"column":2},"end":{"line":150,"column":3}},"66":{"start":{"line":135,"column":32},"end":{"line":135,"column":42}},"67":{"start":{"line":136,"column":19},"end":{"line":136,"column":27}},"68":{"start":{"line":137,"column":18},"end":{"line":137,"column":54}},"69":{"start":{"line":138,"column":4},"end":{"line":138,"column":80}},"70":{"start":{"line":138,"column":16},"end":{"line":138,"column":80}},"71":{"start":{"line":140,"column":23},"end":{"line":140,"column":45}},"72":{"start":{"line":141,"column":4},"end":{"line":141,"column":87}},"73":{"start":{"line":141,"column":21},"end":{"line":141,"column":87}},"74":{"start":{"line":142,"column":4},"end":{"line":142,"column":38}},"75":{"start":{"line":144,"column":4},"end":{"line":144,"column":77}},"76":{"start":{"line":145,"column":4},"end":{"line":145,"column":23}},"77":{"start":{"line":146,"column":4},"end":{"line":146,"column":20}},"78":{"start":{"line":148,"column":4},"end":{"line":148,"column":23}},"79":{"start":{"line":149,"column":4},"end":{"line":149,"column":52}},"80":{"start":{"line":153,"column":0},"end":{"line":168,"column":2}},"81":{"start":{"line":154,"column":2},"end":{"line":167,"column":3}},"82":{"start":{"line":155,"column":24},"end":{"line":155,"column":34}},"83":{"start":{"line":156,"column":29},"end":{"line":156,"column":37}},"84":{"start":{"line":157,"column":18},"end":{"line":157,"column":54}},"85":{"start":{"line":158,"column":4},"end":{"line":158,"column":80}},"86":{"start":{"line":158,"column":16},"end":{"line":158,"column":80}},"87":{"start":{"line":160,"column":4},"end":{"line":160,"column":38}},"88":{"start":{"line":161,"column":4},"end":{"line":161,"column":71}},"89":{"start":{"line":162,"column":4},"end":{"line":162,"column":23}},"90":{"start":{"line":163,"column":4},"end":{"line":163,"column":20}},"91":{"start":{"line":165,"column":4},"end":{"line":165,"column":23}},"92":{"start":{"line":166,"column":4},"end":{"line":166,"column":52}}},"fnMap":{"0":{"name":"(anonymous_0)","decl":{"start":{"line":6,"column":24},"end":{"line":6,"column":25}},"loc":{"start":{"line":6,"column":40},"end":{"line":15,"column":1}},"line":6},"1":{"name":"(anonymous_1)","decl":{"start":{"line":18,"column":23},"end":{"line":18,"column":24}},"loc":{"start":{"line":18,"column":54},"end":{"line":27,"column":1}},"line":18},"2":{"name":"(anonymous_2)","decl":{"start":{"line":30,"column":25},"end":{"line":30,"column":26}},"loc":{"start":{"line":30,"column":65},"end":{"line":32,"column":1}},"line":30},"3":{"name":"(anonymous_3)","decl":{"start":{"line":35,"column":29},"end":{"line":35,"column":30}},"loc":{"start":{"line":35,"column":49},"end":{"line":119,"column":1}},"line":35},"4":{"name":"(anonymous_4)","decl":{"start":{"line":45,"column":38},"end":{"line":45,"column":39}},"loc":{"start":{"line":45,"column":54},"end":{"line":89,"column":5}},"line":45},"5":{"name":"(anonymous_5)","decl":{"start":{"line":59,"column":53},"end":{"line":59,"column":54}},"loc":{"start":{"line":59,"column":61},"end":{"line":59,"column":90}},"line":59},"6":{"name":"(anonymous_6)","decl":{"start":{"line":78,"column":60},"end":{"line":78,"column":61}},"loc":{"start":{"line":78,"column":68},"end":{"line":78,"column":96}},"line":78},"7":{"name":"(anonymous_7)","decl":{"start":{"line":96,"column":23},"end":{"line":96,"column":24}},"loc":{"start":{"line":96,"column":41},"end":{"line":103,"column":7}},"line":96},"8":{"name":"(anonymous_8)","decl":{"start":{"line":122,"column":32},"end":{"line":122,"column":33}},"loc":{"start":{"line":122,"column":52},"end":{"line":131,"column":1}},"line":122},"9":{"name":"(anonymous_9)","decl":{"start":{"line":133,"column":31},"end":{"line":133,"column":32}},"loc":{"start":{"line":133,"column":51},"end":{"line":151,"column":1}},"line":133},"10":{"name":"(anonymous_10)","decl":{"start":{"line":153,"column":25},"end":{"line":153,"column":26}},"loc":{"start":{"line":153,"column":45},"end":{"line":168,"column":1}},"line":153}},"branchMap":{"0":{"loc":{"start":{"line":21,"column":35},"end":{"line":21,"column":90}},"type":"binary-expr","locations":[{"start":{"line":21,"column":35},"end":{"line":21,"column":63}},{"start":{"line":21,"column":67},"end":{"line":21,"column":90}}],"line":21},"1":{"loc":{"start":{"line":40,"column":4},"end":{"line":42,"column":5}},"type":"if","locations":[{"start":{"line":40,"column":4},"end":{"line":42,"column":5}},{"start":{},"end":{}}],"line":40},"2":{"loc":{"start":{"line":40,"column":8},"end":{"line":40,"column":51}},"type":"binary-expr","locations":[{"start":{"line":40,"column":8},"end":{"line":40,"column":19}},{"start":{"line":40,"column":23},"end":{"line":40,"column":29}},{"start":{"line":40,"column":33},"end":{"line":40,"column":51}}],"line":40},"3":{"loc":{"start":{"line":50,"column":31},"end":{"line":50,"column":86}},"type":"binary-expr","locations":[{"start":{"line":50,"column":31},"end":{"line":50,"column":59}},{"start":{"line":50,"column":63},"end":{"line":50,"column":86}}],"line":50},"4":{"loc":{"start":{"line":53,"column":8},"end":{"line":55,"column":9}},"type":"if","locations":[{"start":{"line":53,"column":8},"end":{"line":55,"column":9}},{"start":{},"end":{}}],"line":53},"5":{"loc":{"start":{"line":58,"column":31},"end":{"line":58,"column":60}},"type":"binary-expr","locations":[{"start":{"line":58,"column":31},"end":{"line":58,"column":54}},{"start":{"line":58,"column":58},"end":{"line":58,"column":60}}],"line":58},"6":{"loc":{"start":{"line":60,"column":8},"end":{"line":62,"column":9}},"type":"if","locations":[{"start":{"line":60,"column":8},"end":{"line":62,"column":9}},{"start":{},"end":{}}],"line":60},"7":{"loc":{"start":{"line":117,"column":34},"end":{"line":117,"column":63}},"type":"binary-expr","locations":[{"start":{"line":117,"column":34},"end":{"line":117,"column":45}},{"start":{"line":117,"column":49},"end":{"line":117,"column":63}}],"line":117},"8":{"loc":{"start":{"line":138,"column":4},"end":{"line":138,"column":80}},"type":"if","locations":[{"start":{"line":138,"column":4},"end":{"line":138,"column":80}},{"start":{},"end":{}}],"line":138},"9":{"loc":{"start":{"line":141,"column":4},"end":{"line":141,"column":87}},"type":"if","locations":[{"start":{"line":141,"column":4},"end":{"line":141,"column":87}},{"start":{},"end":{}}],"line":141},"10":{"loc":{"start":{"line":158,"column":4},"end":{"line":158,"column":80}},"type":"if","locations":[{"start":{"line":158,"column":4},"end":{"line":158,"column":80}},{"start":{},"end":{}}],"line":158}},"s":{"0":3,"1":3,"2":3,"3":3,"4":2,"5":2,"6":2,"7":2,"8":2,"9":2,"10":2,"11":3,"12":1,"13":1,"14":1,"15":1,"16":1,"17":1,"18":1,"19":3,"20":2,"21":3,"22":3,"23":3,"24":3,"25":1,"26":2,"27":2,"28":2,"29":2,"30":2,"31":1,"32":1,"33":0,"34":1,"35":1,"36":1,"37":1,"38":0,"39":1,"40":1,"41":1,"42":1,"43":1,"44":1,"45":1,"46":1,"47":1,"48":1,"49":2,"50":1,"51":1,"52":1,"53":1,"54":1,"55":1,"56":1,"57":3,"58":1,"59":1,"60":1,"61":1,"62":0,"63":0,"64":3,"65":1,"66":1,"67":1,"68":1,"69":1,"70":1,"71":0,"72":0,"73":0,"74":0,"75":0,"76":0,"77":0,"78":0,"79":0,"80":3,"81":1,"82":1,"83":1,"84":1,"85":1,"86":1,"87":0,"88":0,"89":0,"90":0,"91":0,"92":0},"f":{"0":2,"1":1,"2":2,"3":3,"4":2,"5":1,"6":1,"7":1,"8":1,"9":1,"10":1},"b":{"0":[1,1],"1":[1,2],"2":[3,2,2],"3":[2,2],"4":[0,1],"5":[1,0],"6":[0,1],"7":[1,0],"8":[1,0],"9":[0,0],"10":[1,0]},"_coverageSchema":"1a1c01bbd47fc00a2c39e90264f33305004495a9","hash":"29149a03a1b4e2e90d8b58dc529352ccc0999ef0"}
,"C:\\Users\\ayaan\\Documents\\University\\Semester 6\\Software Engineering\\Project\\Deliverable_2\\booking-service\\src\\models\\Booking.js": {"path":"C:\\Users\\ayaan\\Documents\\University\\Semester 6\\Software Engineering\\Project\\Deliverable_2\\booking-service\\src\\models\\Booking.js","statementMap":{"0":{"start":{"line":1,"column":17},"end":{"line":1,"column":36}},"1":{"start":{"line":3,"column":22},"end":{"line":22,"column":2}},"2":{"start":{"line":24,"column":0},"end":{"line":24,"column":58}}},"fnMap":{},"branchMap":{},"s":{"0":4,"1":4,"2":4},"f":{},"b":{},"_coverageSchema":"1a1c01bbd47fc00a2c39e90264f33305004495a9","hash":"73f321b85f44a3178edd67ae3172d071bc5d767d"}
,"C:\\Users\\ayaan\\Documents\\University\\Semester 6\\Software Engineering\\Project\\Deliverable_2\\booking-service\\src\\models\\GroupBooking.js": {"path":"C:\\Users\\ayaan\\Documents\\University\\Semester 6\\Software Engineering\\Project\\Deliverable_2\\booking-service\\src\\models\\GroupBooking.js","statementMap":{"0":{"start":{"line":1,"column":17},"end":{"line":1,"column":36}},"1":{"start":{"line":3,"column":29},"end":{"line":10,"column":2}},"2":{"start":{"line":12,"column":27},"end":{"line":19,"column":2}},"3":{"start":{"line":21,"column":0},"end":{"line":21,"column":68}}},"fnMap":{},"branchMap":{},"s":{"0":3,"1":3,"2":3,"3":3},"f":{},"b":{},"_coverageSchema":"1a1c01bbd47fc00a2c39e90264f33305004495a9","hash":"c54212f98d01d4c03da513e47ad0572625ac386a"}
,"C:\\Users\\ayaan\\Documents\\University\\Semester 6\\Software Engineering\\Project\\Deliverable_2\\booking-service\\src\\models\\PaymentLog.js": {"path":"C:\\Users\\ayaan\\Documents\\University\\Semester 6\\Software Engineering\\Project\\Deliverable_2\\booking-service\\src\\models\\PaymentLog.js","statementMap":{"0":{"start":{"line":2,"column":17},"end":{"line":2,"column":36}},"1":{"start":{"line":4,"column":25},"end":{"line":9,"column":2}},"2":{"start":{"line":11,"column":0},"end":{"line":11,"column":64}}},"fnMap":{},"branchMap":{},"s":{"0":3,"1":3,"2":3},"f":{},"b":{},"_coverageSchema":"1a1c01bbd47fc00a2c39e90264f33305004495a9","hash":"8d7fd96b188ba235db94caa1e12cc087514236bc"}
,"C:\\Users\\ayaan\\Documents\\University\\Semester 6\\Software Engineering\\Project\\Deliverable_2\\booking-service\\src\\routes\\bookingRoutes.js": {"path":"C:\\Users\\ayaan\\Documents\\University\\Semester 6\\Software Engineering\\Project\\Deliverable_2\\booking-service\\src\\routes\\bookingRoutes.js","statementMap":{"0":{"start":{"line":1,"column":16},"end":{"line":1,"column":34}},"1":{"start":{"line":2,"column":15},"end":{"line":2,"column":31}},"2":{"start":{"line":3,"column":26},"end":{"line":3,"column":69}},"3":{"start":{"line":5,"column":0},"end":{"line":5,"column":57}},"4":{"start":{"line":6,"column":0},"end":{"line":6,"column":50}},"5":{"start":{"line":7,"column":0},"end":{"line":7,"column":53}},"6":{"start":{"line":8,"column":0},"end":{"line":8,"column":52}},"7":{"start":{"line":9,"column":0},"end":{"line":9,"column":55}},"8":{"start":{"line":10,"column":0},"end":{"line":10,"column":63}},"9":{"start":{"line":13,"column":0},"end":{"line":13,"column":68}},"10":{"start":{"line":15,"column":0},"end":{"line":15,"column":24}}},"fnMap":{},"branchMap":{},"s":{"0":3,"1":3,"2":3,"3":3,"4":3,"5":3,"6":3,"7":3,"8":3,"9":3,"10":3},"f":{},"b":{},"_coverageSchema":"1a1c01bbd47fc00a2c39e90264f33305004495a9","hash":"decb72d725ea1615afa0465124a7b5dc14482d12"}
,"C:\\Users\\ayaan\\Documents\\University\\Semester 6\\Software Engineering\\Project\\Deliverable_2\\booking-service\\src\\routes\\groupBookingRoutes.js": {"path":"C:\\Users\\ayaan\\Documents\\University\\Semester 6\\Software Engineering\\Project\\Deliverable_2\\booking-service\\src\\routes\\groupBookingRoutes.js","statementMap":{"0":{"start":{"line":1,"column":16},"end":{"line":1,"column":34}},"1":{"start":{"line":2,"column":15},"end":{"line":2,"column":31}},"2":{"start":{"line":3,"column":13},"end":{"line":3,"column":61}},"3":{"start":{"line":4,"column":0},"end":{"line":4,"column":27}},"4":{"start":{"line":6,"column":0},"end":{"line":6,"column":42}},"5":{"start":{"line":7,"column":0},"end":{"line":7,"column":44}},"6":{"start":{"line":10,"column":0},"end":{"line":10,"column":65}},"7":{"start":{"line":13,"column":0},"end":{"line":13,"column":56}},"8":{"start":{"line":15,"column":0},"end":{"line":15,"column":24}}},"fnMap":{},"branchMap":{},"s":{"0":3,"1":3,"2":3,"3":3,"4":3,"5":3,"6":3,"7":3,"8":3},"f":{},"b":{},"_coverageSchema":"1a1c01bbd47fc00a2c39e90264f33305004495a9","hash":"228945956f4c62f51b3dcc3a1e40c713ae84f1ac"}
}
