TN:
SF:src\config\db.js
FN:3,(anonymous_0)
FNF:1
FNH:1
FNDA:2,(anonymous_0)
DA:1,1
DA:3,1
DA:4,2
DA:5,2
DA:9,1
DA:11,1
DA:12,1
DA:16,1
LF:8
LH:8
BRF:0
BRH:0
end_of_record
TN:
SF:src\controllers\bookingController.js
FN:7,(anonymous_0)
FN:28,(anonymous_1)
FN:33,(anonymous_2)
FN:47,(anonymous_3)
FN:63,(anonymous_4)
FN:74,(anonymous_5)
FN:103,(anonymous_6)
FN:140,(anonymous_7)
FN:151,(anonymous_8)
FN:170,(anonymous_9)
FN:172,(anonymous_10)
FN:208,(anonymous_11)
FN:226,(anonymous_12)
FN:255,(anonymous_13)
FN:280,(anonymous_14)
FN:309,(anonymous_15)
FN:323,(anonymous_16)
FNF:17
FNH:12
FNDA:0,(anonymous_0)
FNDA:2,(anonymous_1)
FNDA:0,(anonymous_2)
FNDA:0,(anonymous_3)
FNDA:6,(anonymous_4)
FNDA:6,(anonymous_5)
FNDA:4,(anonymous_6)
FNDA:4,(anonymous_7)
FNDA:3,(anonymous_8)
FNDA:1,(anonymous_9)
FNDA:0,(anonymous_10)
FNDA:3,(anonymous_11)
FNDA:0,(anonymous_12)
FNDA:3,(anonymous_13)
FNDA:3,(anonymous_14)
FNDA:2,(anonymous_15)
FNDA:2,(anonymous_16)
DA:1,3
DA:2,3
DA:3,3
DA:4,3
DA:7,3
DA:8,0
DA:9,0
DA:10,0
DA:15,0
DA:16,0
DA:17,0
DA:24,0
DA:28,3
DA:29,2
DA:33,3
DA:34,0
DA:35,0
DA:36,0
DA:39,0
DA:41,0
DA:42,0
DA:47,3
DA:48,0
DA:49,0
DA:50,0
DA:55,0
DA:57,0
DA:58,0
DA:63,3
DA:64,6
DA:65,6
DA:66,6
DA:67,6
DA:68,5
DA:69,5
DA:71,6
DA:74,3
DA:75,6
DA:77,6
DA:78,6
DA:80,6
DA:82,6
DA:83,6
DA:84,6
DA:85,1
DA:86,1
DA:88,5
DA:91,5
DA:92,5
DA:93,5
DA:94,1
DA:95,1
DA:99,4
DA:100,4
DA:103,4
DA:104,4
DA:105,1
DA:106,1
DA:110,3
DA:118,3
DA:119,1
DA:120,1
DA:124,2
DA:136,2
DA:137,2
DA:140,4
DA:141,2
DA:142,1
DA:144,1
DA:146,1
DA:147,1
DA:151,3
DA:152,3
DA:153,3
DA:154,3
DA:155,3
DA:157,2
DA:160,2
DA:163,2
DA:170,2
DA:171,1
DA:172,1
DA:176,2
DA:177,1
DA:180,1
DA:181,1
DA:183,1
DA:188,1
DA:189,1
DA:192,1
DA:193,1
DA:194,1
DA:200,1
DA:201,1
DA:203,1
DA:204,1
DA:208,3
DA:209,3
DA:210,3
DA:211,3
DA:212,1
DA:216,2
DA:218,0
DA:219,0
DA:222,0
DA:225,0
DA:227,0
DA:228,0
DA:229,0
DA:230,0
DA:239,0
DA:240,0
DA:248,0
DA:250,2
DA:251,2
DA:255,3
DA:256,3
DA:257,3
DA:258,3
DA:259,3
DA:260,3
DA:261,1
DA:263,2
DA:264,1
DA:266,1
DA:267,1
DA:269,1
DA:270,1
DA:272,0
DA:273,0
DA:275,1
DA:276,1
DA:280,3
DA:281,3
DA:282,3
DA:283,3
DA:284,3
DA:285,3
DA:286,1
DA:288,2
DA:289,1
DA:291,1
DA:292,1
DA:294,1
DA:299,1
DA:301,1
DA:302,1
DA:304,0
DA:305,0
DA:309,3
DA:310,2
DA:311,2
DA:312,2
DA:313,2
DA:314,1
DA:316,1
DA:318,0
DA:319,0
DA:323,3
DA:324,2
DA:325,2
DA:326,2
DA:327,1
DA:329,1
DA:330,1
DA:331,1
DA:333,0
DA:334,0
LF:168
LH:130
BRDA:16,0,0,0
BRDA:16,0,1,0
BRDA:35,1,0,0
BRDA:35,1,1,0
BRDA:49,2,0,0
BRDA:49,2,1,0
BRDA:58,3,0,0
BRDA:58,3,1,0
BRDA:80,4,0,6
BRDA:80,4,1,6
BRDA:84,5,0,1
BRDA:84,5,1,5
BRDA:93,6,0,1
BRDA:93,6,1,4
BRDA:93,7,0,5
BRDA:93,7,1,4
BRDA:104,8,0,1
BRDA:104,8,1,3
BRDA:118,9,0,1
BRDA:118,9,1,2
BRDA:132,10,0,2
BRDA:132,10,1,2
BRDA:133,11,0,2
BRDA:133,11,1,2
BRDA:155,12,0,1
BRDA:155,12,1,2
BRDA:157,13,0,2
BRDA:157,13,1,2
BRDA:172,14,0,0
BRDA:172,14,1,0
BRDA:180,15,0,1
BRDA:180,15,1,0
BRDA:192,16,0,1
BRDA:192,16,1,0
BRDA:193,17,0,1
BRDA:193,17,1,1
BRDA:211,18,0,1
BRDA:211,18,1,2
BRDA:218,19,0,0
BRDA:218,19,1,0
BRDA:218,20,0,0
BRDA:218,20,1,0
BRDA:222,21,0,0
BRDA:222,21,1,0
BRDA:233,22,0,0
BRDA:233,22,1,0
BRDA:234,23,0,0
BRDA:234,23,1,0
BRDA:235,24,0,0
BRDA:235,24,1,0
BRDA:260,25,0,1
BRDA:260,25,1,2
BRDA:263,26,0,1
BRDA:263,26,1,1
BRDA:266,27,0,1
BRDA:266,27,1,0
BRDA:269,28,0,1
BRDA:269,28,1,0
BRDA:285,29,0,1
BRDA:285,29,1,2
BRDA:288,30,0,1
BRDA:288,30,1,1
BRDA:313,31,0,1
BRDA:313,31,1,1
BRDA:326,32,0,1
BRDA:326,32,1,1
BRDA:326,33,0,2
BRDA:326,33,1,1
BRDA:329,34,0,1
BRDA:329,34,1,1
BRF:70
BRH:44
end_of_record
TN:
SF:src\controllers\groupBookingController.js
FN:6,(anonymous_0)
FN:18,(anonymous_1)
FN:30,(anonymous_2)
FN:35,(anonymous_3)
FN:45,(anonymous_4)
FN:59,(anonymous_5)
FN:78,(anonymous_6)
FN:96,(anonymous_7)
FN:122,(anonymous_8)
FN:133,(anonymous_9)
FN:153,(anonymous_10)
FNF:11
FNH:11
FNDA:2,(anonymous_0)
FNDA:1,(anonymous_1)
FNDA:2,(anonymous_2)
FNDA:3,(anonymous_3)
FNDA:2,(anonymous_4)
FNDA:1,(anonymous_5)
FNDA:1,(anonymous_6)
FNDA:1,(anonymous_7)
FNDA:1,(anonymous_8)
FNDA:1,(anonymous_9)
FNDA:1,(anonymous_10)
DA:1,3
DA:2,3
DA:3,3
DA:6,3
DA:7,2
DA:8,2
DA:9,2
DA:10,2
DA:11,2
DA:12,2
DA:14,2
DA:18,3
DA:19,1
DA:20,1
DA:21,1
DA:22,1
DA:23,1
DA:24,1
DA:26,1
DA:30,3
DA:31,2
DA:35,3
DA:36,3
DA:37,3
DA:40,3
DA:41,1
DA:45,2
DA:46,2
DA:47,2
DA:50,2
DA:51,2
DA:52,1
DA:53,1
DA:54,0
DA:58,1
DA:59,1
DA:60,1
DA:61,0
DA:65,1
DA:74,1
DA:75,1
DA:78,1
DA:79,1
DA:82,1
DA:84,1
DA:86,1
DA:87,1
DA:91,2
DA:94,1
DA:96,1
DA:109,1
DA:112,1
DA:114,1
DA:116,1
DA:117,1
DA:122,3
DA:123,1
DA:124,1
DA:125,1
DA:126,1
DA:128,0
DA:129,0
DA:133,3
DA:134,1
DA:135,1
DA:136,1
DA:137,1
DA:138,1
DA:140,0
DA:141,0
DA:142,0
DA:144,0
DA:145,0
DA:146,0
DA:148,0
DA:149,0
DA:153,3
DA:154,1
DA:155,1
DA:156,1
DA:157,1
DA:158,1
DA:160,0
DA:161,0
DA:162,0
DA:163,0
DA:165,0
DA:166,0
LF:88
LH:70
BRDA:21,0,0,1
BRDA:21,0,1,1
BRDA:40,1,0,1
BRDA:40,1,1,2
BRDA:40,2,0,3
BRDA:40,2,1,2
BRDA:40,2,2,2
BRDA:50,3,0,2
BRDA:50,3,1,2
BRDA:53,4,0,0
BRDA:53,4,1,1
BRDA:58,5,0,1
BRDA:58,5,1,0
BRDA:60,6,0,0
BRDA:60,6,1,1
BRDA:117,7,0,1
BRDA:117,7,1,0
BRDA:138,8,0,1
BRDA:138,8,1,0
BRDA:141,9,0,0
BRDA:141,9,1,0
BRDA:158,10,0,1
BRDA:158,10,1,0
BRF:23
BRH:15
end_of_record
TN:
SF:src\models\Booking.js
FNF:0
FNH:0
DA:1,4
DA:3,4
DA:24,4
LF:3
LH:3
BRF:0
BRH:0
end_of_record
TN:
SF:src\models\GroupBooking.js
FNF:0
FNH:0
DA:1,3
DA:3,3
DA:12,3
DA:21,3
LF:4
LH:4
BRF:0
BRH:0
end_of_record
TN:
SF:src\models\PaymentLog.js
FNF:0
FNH:0
DA:2,3
DA:4,3
DA:11,3
LF:3
LH:3
BRF:0
BRH:0
end_of_record
TN:
SF:src\routes\bookingRoutes.js
FNF:0
FNH:0
DA:1,3
DA:2,3
DA:3,3
DA:5,3
DA:6,3
DA:7,3
DA:8,3
DA:9,3
DA:10,3
DA:13,3
DA:15,3
LF:11
LH:11
BRF:0
BRH:0
end_of_record
TN:
SF:src\routes\groupBookingRoutes.js
FNF:0
FNH:0
DA:1,3
DA:2,3
DA:3,3
DA:4,3
DA:6,3
DA:7,3
DA:10,3
DA:13,3
DA:15,3
LF:9
LH:9
BRF:0
BRH:0
end_of_record
